INFO:__main__:25-03-23 20:18:13 Import dataset
INFO:__main__:25-03-23 20:18:31    Augmented Dataset
INFO:__main__:25-03-23 20:19:00    Covariance Calculation
INFO:__main__:25-03-23 20:19:58    Beginning of SVM Test, subject 1
INFO:__main__:25-03-23 20:20:22    subject: 1,   trial: 1,    real class: left_hand,   predicted class: feet,  val: False,  trainingAcc: 1.0,   actualAcc: 0.0
INFO:__main__:25-03-23 20:20:44    subject: 1,   trial: 2,    real class: right_hand,   predicted class: right_hand,  val: True,  trainingAcc: 1.0,   actualAcc: 0.5
INFO:__main__:25-03-23 20:21:07    subject: 1,   trial: 3,    real class: right_hand,   predicted class: left_hand,  val: False,  trainingAcc: 1.0,   actualAcc: 0.3333333333333333
INFO:__main__:25-03-23 20:21:29    subject: 1,   trial: 4,    real class: left_hand,   predicted class: left_hand,  val: True,  trainingAcc: 1.0,   actualAcc: 0.5
INFO:__main__:25-03-23 20:21:52    subject: 1,   trial: 5,    real class: right_hand,   predicted class: right_hand,  val: True,  trainingAcc: 1.0,   actualAcc: 0.6
INFO:__main__:25-03-23 20:22:15    subject: 1,   trial: 6,    real class: left_hand,   predicted class: left_hand,  val: True,  trainingAcc: 1.0,   actualAcc: 0.6666666666666666
INFO:__main__:25-03-23 20:22:37    subject: 1,   trial: 7,    real class: right_hand,   predicted class: right_hand,  val: True,  trainingAcc: 1.0,   actualAcc: 0.7142857142857143
INFO:__main__:25-03-23 20:23:00    subject: 1,   trial: 8,    real class: feet,   predicted class: feet,  val: True,  trainingAcc: 1.0,   actualAcc: 0.75
INFO:__main__:25-03-23 20:23:24    subject: 1,   trial: 9,    real class: right_hand,   predicted class: right_hand,  val: True,  trainingAcc: 1.0,   actualAcc: 0.7777777777777778
INFO:__main__:25-03-23 20:23:48    subject: 1,   trial: 10,    real class: tongue,   predicted class: tongue,  val: True,  trainingAcc: 1.0,   actualAcc: 0.8
INFO:__main__:25-03-23 20:24:12    subject: 1,   trial: 11,    real class: left_hand,   predicted class: left_hand,  val: True,  trainingAcc: 1.0,   actualAcc: 0.8181818181818182
INFO:__main__:25-03-23 20:24:36    subject: 1,   trial: 12,    real class: feet,   predicted class: feet,  val: True,  trainingAcc: 1.0,   actualAcc: 0.8333333333333334
INFO:__main__:25-03-23 20:25:00    subject: 1,   trial: 13,    real class: right_hand,   predicted class: right_hand,  val: True,  trainingAcc: 1.0,   actualAcc: 0.8461538461538461
INFO:__main__:25-03-23 20:25:24    subject: 1,   trial: 14,    real class: left_hand,   predicted class: left_hand,  val: True,  trainingAcc: 1.0,   actualAcc: 0.8571428571428571
INFO:__main__:25-03-23 20:25:48    subject: 1,   trial: 15,    real class: tongue,   predicted class: tongue,  val: True,  trainingAcc: 1.0,   actualAcc: 0.8666666666666667
INFO:__main__:25-03-23 20:26:13    subject: 1,   trial: 16,    real class: tongue,   predicted class: tongue,  val: True,  trainingAcc: 1.0,   actualAcc: 0.875
INFO:__main__:25-03-23 20:26:38    subject: 1,   trial: 17,    real class: tongue,   predicted class: tongue,  val: True,  trainingAcc: 1.0,   actualAcc: 0.8823529411764706
INFO:__main__:25-03-23 20:27:02    subject: 1,   trial: 18,    real class: tongue,   predicted class: tongue,  val: True,  trainingAcc: 1.0,   actualAcc: 0.8888888888888888
INFO:__main__:25-03-23 20:27:26    subject: 1,   trial: 19,    real class: tongue,   predicted class: tongue,  val: True,  trainingAcc: 1.0,   actualAcc: 0.8947368421052632
INFO:__main__:25-03-23 20:27:52    subject: 1,   trial: 20,    real class: left_hand,   predicted class: left_hand,  val: True,  trainingAcc: 1.0,   actualAcc: 0.9
INFO:__main__:25-03-23 20:28:18    subject: 1,   trial: 21,    real class: feet,   predicted class: feet,  val: True,  trainingAcc: 1.0,   actualAcc: 0.9047619047619048
INFO:__main__:25-03-23 20:28:44    subject: 1,   trial: 22,    real class: right_hand,   predicted class: right_hand,  val: True,  trainingAcc: 1.0,   actualAcc: 0.9090909090909091
INFO:__main__:25-03-23 20:29:09    subject: 1,   trial: 23,    real class: left_hand,   predicted class: left_hand,  val: True,  trainingAcc: 1.0,   actualAcc: 0.9130434782608695
INFO:__main__:25-03-23 20:29:33    subject: 1,   trial: 24,    real class: left_hand,   predicted class: left_hand,  val: True,  trainingAcc: 1.0,   actualAcc: 0.9166666666666666
INFO:__main__:25-03-23 20:29:58    subject: 1,   trial: 25,    real class: feet,   predicted class: tongue,  val: False,  trainingAcc: 1.0,   actualAcc: 0.88
INFO:__main__:25-03-23 20:30:23    subject: 1,   trial: 26,    real class: tongue,   predicted class: tongue,  val: True,  trainingAcc: 1.0,   actualAcc: 0.8846153846153846
INFO:__main__:25-03-23 20:30:48    subject: 1,   trial: 27,    real class: left_hand,   predicted class: left_hand,  val: True,  trainingAcc: 1.0,   actualAcc: 0.8888888888888888
INFO:__main__:25-03-23 20:31:14    subject: 1,   trial: 28,    real class: feet,   predicted class: feet,  val: True,  trainingAcc: 1.0,   actualAcc: 0.8928571428571429
INFO:__main__:25-03-23 20:31:40    subject: 1,   trial: 29,    real class: feet,   predicted class: tongue,  val: False,  trainingAcc: 1.0,   actualAcc: 0.8620689655172413
INFO:__main__:25-03-23 20:32:05    subject: 1,   trial: 30,    real class: feet,   predicted class: feet,  val: True,  trainingAcc: 1.0,   actualAcc: 0.8666666666666667
INFO:__main__:25-03-23 20:32:30    subject: 1,   trial: 31,    real class: left_hand,   predicted class: left_hand,  val: True,  trainingAcc: 1.0,   actualAcc: 0.8709677419354839
INFO:__main__:25-03-23 20:32:56    subject: 1,   trial: 32,    real class: right_hand,   predicted class: right_hand,  val: True,  trainingAcc: 1.0,   actualAcc: 0.875
INFO:__main__:25-03-23 20:33:22    subject: 1,   trial: 33,    real class: left_hand,   predicted class: left_hand,  val: True,  trainingAcc: 1.0,   actualAcc: 0.8787878787878788
INFO:__main__:25-03-23 20:33:47    subject: 1,   trial: 34,    real class: right_hand,   predicted class: right_hand,  val: True,  trainingAcc: 1.0,   actualAcc: 0.8823529411764706
INFO:__main__:25-03-23 20:34:13    subject: 1,   trial: 35,    real class: right_hand,   predicted class: feet,  val: False,  trainingAcc: 1.0,   actualAcc: 0.8571428571428571
INFO:__main__:25-03-23 20:34:39    subject: 1,   trial: 36,    real class: left_hand,   predicted class: left_hand,  val: True,  trainingAcc: 1.0,   actualAcc: 0.8611111111111112
INFO:__main__:25-03-23 20:35:05    subject: 1,   trial: 37,    real class: right_hand,   predicted class: right_hand,  val: True,  trainingAcc: 1.0,   actualAcc: 0.8648648648648649
INFO:__main__:25-03-23 20:35:31    subject: 1,   trial: 38,    real class: feet,   predicted class: tongue,  val: False,  trainingAcc: 1.0,   actualAcc: 0.8421052631578947
INFO:__main__:25-03-23 20:35:57    subject: 1,   trial: 39,    real class: right_hand,   predicted class: right_hand,  val: True,  trainingAcc: 1.0,   actualAcc: 0.8461538461538461
INFO:__main__:25-03-23 20:36:24    subject: 1,   trial: 40,    real class: feet,   predicted class: feet,  val: True,  trainingAcc: 1.0,   actualAcc: 0.85
INFO:__main__:25-03-23 20:36:50    subject: 1,   trial: 41,    real class: feet,   predicted class: feet,  val: True,  trainingAcc: 1.0,   actualAcc: 0.8536585365853658
INFO:__main__:25-03-23 20:37:16    subject: 1,   trial: 42,    real class: tongue,   predicted class: tongue,  val: True,  trainingAcc: 1.0,   actualAcc: 0.8571428571428571
INFO:__main__:25-03-23 20:37:43    subject: 1,   trial: 43,    real class: feet,   predicted class: feet,  val: True,  trainingAcc: 1.0,   actualAcc: 0.8604651162790697
INFO:__main__:25-03-23 20:38:10    subject: 1,   trial: 44,    real class: feet,   predicted class: feet,  val: True,  trainingAcc: 1.0,   actualAcc: 0.8636363636363636
INFO:__main__:25-03-23 20:38:37    subject: 1,   trial: 45,    real class: tongue,   predicted class: tongue,  val: True,  trainingAcc: 1.0,   actualAcc: 0.8666666666666667
INFO:__main__:25-03-23 20:39:04    subject: 1,   trial: 46,    real class: tongue,   predicted class: left_hand,  val: False,  trainingAcc: 1.0,   actualAcc: 0.8478260869565217
INFO:__main__:25-03-23 20:39:32    subject: 1,   trial: 47,    real class: tongue,   predicted class: feet,  val: False,  trainingAcc: 1.0,   actualAcc: 0.8297872340425532
INFO:__main__:25-03-23 20:39:59    subject: 1,   trial: 48,    real class: tongue,   predicted class: feet,  val: False,  trainingAcc: 1.0,   actualAcc: 0.8125
INFO:__main__:25-03-23 20:40:27    subject: 1,   trial: 49,    real class: tongue,   predicted class: feet,  val: False,  trainingAcc: 1.0,   actualAcc: 0.7959183673469388
INFO:__main__:25-03-23 20:40:55    subject: 1,   trial: 50,    real class: feet,   predicted class: feet,  val: True,  trainingAcc: 1.0,   actualAcc: 0.8
INFO:__main__:25-03-23 20:41:23    subject: 1,   trial: 51,    real class: right_hand,   predicted class: right_hand,  val: True,  trainingAcc: 1.0,   actualAcc: 0.803921568627451
INFO:__main__:25-03-23 20:41:50    subject: 1,   trial: 52,    real class: left_hand,   predicted class: feet,  val: False,  trainingAcc: 1.0,   actualAcc: 0.7884615384615384
INFO:__main__:25-03-23 20:42:18    subject: 1,   trial: 53,    real class: left_hand,   predicted class: left_hand,  val: True,  trainingAcc: 1.0,   actualAcc: 0.7924528301886793
INFO:__main__:25-03-23 20:42:46    subject: 1,   trial: 54,    real class: right_hand,   predicted class: right_hand,  val: True,  trainingAcc: 1.0,   actualAcc: 0.7962962962962963
INFO:__main__:25-03-23 20:43:13    subject: 1,   trial: 55,    real class: feet,   predicted class: left_hand,  val: False,  trainingAcc: 1.0,   actualAcc: 0.7818181818181819
INFO:__main__:25-03-23 20:43:42    subject: 1,   trial: 56,    real class: tongue,   predicted class: tongue,  val: True,  trainingAcc: 1.0,   actualAcc: 0.7857142857142857
INFO:__main__:25-03-23 20:44:12    subject: 1,   trial: 57,    real class: right_hand,   predicted class: right_hand,  val: True,  trainingAcc: 1.0,   actualAcc: 0.7894736842105263
INFO:__main__:25-03-23 20:44:41    subject: 1,   trial: 58,    real class: feet,   predicted class: feet,  val: True,  trainingAcc: 1.0,   actualAcc: 0.7931034482758621
INFO:__main__:25-03-23 20:45:11    subject: 1,   trial: 59,    real class: left_hand,   predicted class: left_hand,  val: True,  trainingAcc: 1.0,   actualAcc: 0.7966101694915254
INFO:__main__:25-03-23 20:45:40    subject: 1,   trial: 60,    real class: left_hand,   predicted class: left_hand,  val: True,  trainingAcc: 1.0,   actualAcc: 0.8
INFO:__main__:25-03-23 20:46:11    subject: 1,   trial: 61,    real class: left_hand,   predicted class: right_hand,  val: False,  trainingAcc: 1.0,   actualAcc: 0.7868852459016393
INFO:__main__:25-03-23 20:46:40    subject: 1,   trial: 62,    real class: tongue,   predicted class: tongue,  val: True,  trainingAcc: 1.0,   actualAcc: 0.7903225806451613
INFO:__main__:25-03-23 20:47:09    subject: 1,   trial: 63,    real class: right_hand,   predicted class: right_hand,  val: True,  trainingAcc: 1.0,   actualAcc: 0.7936507936507936
INFO:__main__:25-03-23 20:47:39    subject: 1,   trial: 64,    real class: right_hand,   predicted class: right_hand,  val: True,  trainingAcc: 1.0,   actualAcc: 0.796875
INFO:__main__:25-03-23 20:48:08    subject: 1,   trial: 65,    real class: left_hand,   predicted class: left_hand,  val: True,  trainingAcc: 1.0,   actualAcc: 0.8
INFO:__main__:25-03-23 20:48:38    subject: 1,   trial: 66,    real class: left_hand,   predicted class: left_hand,  val: True,  trainingAcc: 1.0,   actualAcc: 0.803030303030303
INFO:__main__:25-03-23 20:49:09    subject: 1,   trial: 67,    real class: feet,   predicted class: feet,  val: True,  trainingAcc: 1.0,   actualAcc: 0.8059701492537313
INFO:__main__:25-03-23 20:49:38    subject: 1,   trial: 68,    real class: left_hand,   predicted class: left_hand,  val: True,  trainingAcc: 1.0,   actualAcc: 0.8088235294117647
INFO:__main__:25-03-23 20:50:09    subject: 1,   trial: 69,    real class: right_hand,   predicted class: left_hand,  val: False,  trainingAcc: 1.0,   actualAcc: 0.7971014492753623
INFO:__main__:25-03-23 20:50:43    subject: 1,   trial: 70,    real class: tongue,   predicted class: tongue,  val: True,  trainingAcc: 1.0,   actualAcc: 0.8
INFO:__main__:25-03-23 20:51:15    subject: 1,   trial: 71,    real class: tongue,   predicted class: tongue,  val: True,  trainingAcc: 1.0,   actualAcc: 0.8028169014084507
INFO:__main__:25-03-23 20:51:48    subject: 1,   trial: 72,    real class: feet,   predicted class: feet,  val: True,  trainingAcc: 1.0,   actualAcc: 0.8055555555555556
INFO:__main__:25-03-23 20:52:21    subject: 1,   trial: 73,    real class: left_hand,   predicted class: left_hand,  val: True,  trainingAcc: 1.0,   actualAcc: 0.8082191780821918
INFO:__main__:25-03-23 20:52:54    subject: 1,   trial: 74,    real class: tongue,   predicted class: tongue,  val: True,  trainingAcc: 1.0,   actualAcc: 0.8108108108108109
INFO:__main__:25-03-23 20:53:27    subject: 1,   trial: 75,    real class: tongue,   predicted class: feet,  val: False,  trainingAcc: 1.0,   actualAcc: 0.8
INFO:__main__:25-03-23 20:54:00    subject: 1,   trial: 76,    real class: right_hand,   predicted class: left_hand,  val: False,  trainingAcc: 1.0,   actualAcc: 0.7894736842105263
INFO:__main__:25-03-23 20:54:33    subject: 1,   trial: 77,    real class: tongue,   predicted class: tongue,  val: True,  trainingAcc: 1.0,   actualAcc: 0.7922077922077922
INFO:__main__:25-03-23 20:55:06    subject: 1,   trial: 78,    real class: tongue,   predicted class: feet,  val: False,  trainingAcc: 1.0,   actualAcc: 0.782051282051282
INFO:__main__:25-03-23 20:55:38    subject: 1,   trial: 79,    real class: right_hand,   predicted class: right_hand,  val: True,  trainingAcc: 1.0,   actualAcc: 0.7848101265822784
INFO:__main__:25-03-23 20:56:10    subject: 1,   trial: 80,    real class: left_hand,   predicted class: left_hand,  val: True,  trainingAcc: 1.0,   actualAcc: 0.7875
INFO:__main__:25-03-23 20:56:43    subject: 1,   trial: 81,    real class: right_hand,   predicted class: tongue,  val: False,  trainingAcc: 1.0,   actualAcc: 0.7777777777777778
INFO:__main__:25-03-23 20:57:16    subject: 1,   trial: 82,    real class: feet,   predicted class: tongue,  val: False,  trainingAcc: 1.0,   actualAcc: 0.7682926829268293
INFO:__main__:25-03-23 20:57:50    subject: 1,   trial: 83,    real class: feet,   predicted class: tongue,  val: False,  trainingAcc: 1.0,   actualAcc: 0.7590361445783133
INFO:__main__:25-03-23 20:58:24    subject: 1,   trial: 84,    real class: feet,   predicted class: feet,  val: True,  trainingAcc: 1.0,   actualAcc: 0.7619047619047619
INFO:__main__:25-03-23 20:58:57    subject: 1,   trial: 85,    real class: tongue,   predicted class: tongue,  val: True,  trainingAcc: 1.0,   actualAcc: 0.7647058823529411
INFO:__main__:25-03-23 20:59:31    subject: 1,   trial: 86,    real class: feet,   predicted class: feet,  val: True,  trainingAcc: 1.0,   actualAcc: 0.7674418604651163
INFO:__main__:25-03-23 21:00:06    subject: 1,   trial: 87,    real class: left_hand,   predicted class: left_hand,  val: True,  trainingAcc: 1.0,   actualAcc: 0.7701149425287356
INFO:__main__:25-03-23 21:00:40    subject: 1,   trial: 88,    real class: tongue,   predicted class: tongue,  val: True,  trainingAcc: 1.0,   actualAcc: 0.7727272727272727
INFO:__main__:25-03-23 21:01:14    subject: 1,   trial: 89,    real class: right_hand,   predicted class: right_hand,  val: True,  trainingAcc: 1.0,   actualAcc: 0.7752808988764045
INFO:__main__:25-03-23 21:01:48    subject: 1,   trial: 90,    real class: feet,   predicted class: tongue,  val: False,  trainingAcc: 1.0,   actualAcc: 0.7666666666666667
INFO:__main__:25-03-23 21:02:22    subject: 1,   trial: 91,    real class: right_hand,   predicted class: right_hand,  val: True,  trainingAcc: 1.0,   actualAcc: 0.7692307692307693
INFO:__main__:25-03-23 21:02:57    subject: 1,   trial: 92,    real class: feet,   predicted class: feet,  val: True,  trainingAcc: 1.0,   actualAcc: 0.7717391304347826
INFO:__main__:25-03-23 21:03:33    subject: 1,   trial: 93,    real class: tongue,   predicted class: tongue,  val: True,  trainingAcc: 1.0,   actualAcc: 0.7741935483870968
INFO:__main__:25-03-23 21:04:09    subject: 1,   trial: 94,    real class: right_hand,   predicted class: right_hand,  val: True,  trainingAcc: 1.0,   actualAcc: 0.776595744680851
INFO:__main__:25-03-23 21:04:45    subject: 1,   trial: 95,    real class: feet,   predicted class: tongue,  val: False,  trainingAcc: 1.0,   actualAcc: 0.7684210526315789
INFO:__main__:25-03-23 21:05:20    subject: 1,   trial: 96,    real class: left_hand,   predicted class: left_hand,  val: True,  trainingAcc: 1.0,   actualAcc: 0.7708333333333334
INFO:__main__:25-03-23 21:05:54    subject: 1,   trial: 97,    real class: left_hand,   predicted class: left_hand,  val: True,  trainingAcc: 1.0,   actualAcc: 0.7731958762886598
INFO:__main__:25-03-23 21:06:30    subject: 1,   trial: 98,    real class: left_hand,   predicted class: right_hand,  val: False,  trainingAcc: 1.0,   actualAcc: 0.7653061224489796
INFO:__main__:25-03-23 21:07:06    subject: 1,   trial: 99,    real class: tongue,   predicted class: feet,  val: False,  trainingAcc: 1.0,   actualAcc: 0.7575757575757576
INFO:__main__:25-03-23 21:07:43    subject: 1,   trial: 100,    real class: right_hand,   predicted class: right_hand,  val: True,  trainingAcc: 1.0,   actualAcc: 0.76
INFO:__main__:25-03-23 21:08:19    subject: 1,   trial: 101,    real class: left_hand,   predicted class: left_hand,  val: True,  trainingAcc: 1.0,   actualAcc: 0.7623762376237624
INFO:__main__:25-03-23 21:08:55    subject: 1,   trial: 102,    real class: feet,   predicted class: feet,  val: True,  trainingAcc: 1.0,   actualAcc: 0.7647058823529411
INFO:__main__:25-03-23 21:09:31    subject: 1,   trial: 103,    real class: left_hand,   predicted class: left_hand,  val: True,  trainingAcc: 1.0,   actualAcc: 0.7669902912621359
INFO:__main__:25-03-23 21:10:06    subject: 1,   trial: 104,    real class: feet,   predicted class: feet,  val: True,  trainingAcc: 1.0,   actualAcc: 0.7692307692307693
INFO:__main__:25-03-23 21:10:42    subject: 1,   trial: 105,    real class: right_hand,   predicted class: right_hand,  val: True,  trainingAcc: 1.0,   actualAcc: 0.7714285714285715
INFO:__main__:25-03-23 21:11:17    subject: 1,   trial: 106,    real class: tongue,   predicted class: tongue,  val: True,  trainingAcc: 1.0,   actualAcc: 0.7735849056603774
INFO:__main__:25-03-23 21:11:53    subject: 1,   trial: 107,    real class: left_hand,   predicted class: left_hand,  val: True,  trainingAcc: 1.0,   actualAcc: 0.7757009345794392
INFO:__main__:25-03-23 21:12:30    subject: 1,   trial: 108,    real class: feet,   predicted class: feet,  val: True,  trainingAcc: 1.0,   actualAcc: 0.7777777777777778
INFO:__main__:25-03-23 21:13:06    subject: 1,   trial: 109,    real class: feet,   predicted class: feet,  val: True,  trainingAcc: 1.0,   actualAcc: 0.7798165137614679
INFO:__main__:25-03-23 21:13:43    subject: 1,   trial: 110,    real class: left_hand,   predicted class: left_hand,  val: True,  trainingAcc: 1.0,   actualAcc: 0.7818181818181819
INFO:__main__:25-03-23 21:14:19    subject: 1,   trial: 111,    real class: feet,   predicted class: feet,  val: True,  trainingAcc: 1.0,   actualAcc: 0.7837837837837838
INFO:__main__:25-03-23 21:14:56    subject: 1,   trial: 112,    real class: right_hand,   predicted class: right_hand,  val: True,  trainingAcc: 1.0,   actualAcc: 0.7857142857142857
INFO:__main__:25-03-23 21:15:34    subject: 1,   trial: 113,    real class: tongue,   predicted class: feet,  val: False,  trainingAcc: 1.0,   actualAcc: 0.7787610619469026
INFO:__main__:25-03-23 21:16:12    subject: 1,   trial: 114,    real class: tongue,   predicted class: feet,  val: False,  trainingAcc: 1.0,   actualAcc: 0.7719298245614035
INFO:__main__:25-03-23 21:16:49    subject: 1,   trial: 115,    real class: tongue,   predicted class: feet,  val: False,  trainingAcc: 1.0,   actualAcc: 0.7652173913043478
INFO:__main__:25-03-23 21:17:27    subject: 1,   trial: 116,    real class: feet,   predicted class: feet,  val: True,  trainingAcc: 1.0,   actualAcc: 0.7672413793103449
INFO:__main__:25-03-23 21:18:04    subject: 1,   trial: 117,    real class: left_hand,   predicted class: left_hand,  val: True,  trainingAcc: 1.0,   actualAcc: 0.7692307692307693
INFO:__main__:25-03-23 21:18:42    subject: 1,   trial: 118,    real class: tongue,   predicted class: tongue,  val: True,  trainingAcc: 1.0,   actualAcc: 0.7711864406779662
INFO:__main__:25-03-23 21:19:19    subject: 1,   trial: 119,    real class: right_hand,   predicted class: right_hand,  val: True,  trainingAcc: 1.0,   actualAcc: 0.773109243697479
INFO:__main__:25-03-23 21:19:56    subject: 1,   trial: 120,    real class: tongue,   predicted class: tongue,  val: True,  trainingAcc: 1.0,   actualAcc: 0.775
INFO:__main__:25-03-23 21:20:34    subject: 1,   trial: 121,    real class: right_hand,   predicted class: right_hand,  val: True,  trainingAcc: 1.0,   actualAcc: 0.7768595041322314
INFO:__main__:25-03-23 21:21:12    subject: 1,   trial: 122,    real class: left_hand,   predicted class: feet,  val: False,  trainingAcc: 1.0,   actualAcc: 0.7704918032786885
INFO:__main__:25-03-23 21:21:50    subject: 1,   trial: 123,    real class: feet,   predicted class: feet,  val: True,  trainingAcc: 1.0,   actualAcc: 0.7723577235772358
INFO:__main__:25-03-23 21:22:28    subject: 1,   trial: 124,    real class: right_hand,   predicted class: left_hand,  val: False,  trainingAcc: 1.0,   actualAcc: 0.7661290322580645
INFO:__main__:25-03-23 21:23:06    subject: 1,   trial: 125,    real class: left_hand,   predicted class: left_hand,  val: True,  trainingAcc: 1.0,   actualAcc: 0.768
INFO:__main__:25-03-23 21:23:44    subject: 1,   trial: 126,    real class: feet,   predicted class: feet,  val: True,  trainingAcc: 1.0,   actualAcc: 0.7698412698412699
INFO:__main__:25-03-23 21:24:23    subject: 1,   trial: 127,    real class: feet,   predicted class: feet,  val: True,  trainingAcc: 1.0,   actualAcc: 0.7716535433070866
INFO:__main__:25-03-23 21:25:02    subject: 1,   trial: 128,    real class: left_hand,   predicted class: left_hand,  val: True,  trainingAcc: 1.0,   actualAcc: 0.7734375
INFO:__main__:25-03-23 21:25:40    subject: 1,   trial: 129,    real class: feet,   predicted class: feet,  val: True,  trainingAcc: 1.0,   actualAcc: 0.7751937984496124
INFO:__main__:25-03-23 21:26:19    subject: 1,   trial: 130,    real class: tongue,   predicted class: tongue,  val: True,  trainingAcc: 1.0,   actualAcc: 0.7769230769230769
INFO:__main__:25-03-23 21:26:58    subject: 1,   trial: 131,    real class: tongue,   predicted class: tongue,  val: True,  trainingAcc: 1.0,   actualAcc: 0.7786259541984732
INFO:__main__:25-03-23 21:27:37    subject: 1,   trial: 132,    real class: right_hand,   predicted class: right_hand,  val: True,  trainingAcc: 1.0,   actualAcc: 0.7803030303030303
INFO:__main__:25-03-23 21:28:17    subject: 1,   trial: 133,    real class: left_hand,   predicted class: left_hand,  val: True,  trainingAcc: 1.0,   actualAcc: 0.7819548872180451
INFO:__main__:25-03-23 21:28:56    subject: 1,   trial: 134,    real class: right_hand,   predicted class: right_hand,  val: True,  trainingAcc: 1.0,   actualAcc: 0.7835820895522388
INFO:__main__:25-03-23 21:29:35    subject: 1,   trial: 135,    real class: tongue,   predicted class: tongue,  val: True,  trainingAcc: 1.0,   actualAcc: 0.7851851851851852
INFO:__main__:25-03-23 21:30:15    subject: 1,   trial: 136,    real class: right_hand,   predicted class: right_hand,  val: True,  trainingAcc: 1.0,   actualAcc: 0.7867647058823529
INFO:__main__:25-03-23 21:30:54    subject: 1,   trial: 137,    real class: tongue,   predicted class: tongue,  val: True,  trainingAcc: 1.0,   actualAcc: 0.7883211678832117
INFO:__main__:25-03-23 21:31:34    subject: 1,   trial: 138,    real class: feet,   predicted class: feet,  val: True,  trainingAcc: 1.0,   actualAcc: 0.7898550724637681
INFO:__main__:25-03-23 21:32:14    subject: 1,   trial: 139,    real class: right_hand,   predicted class: right_hand,  val: True,  trainingAcc: 1.0,   actualAcc: 0.7913669064748201
INFO:__main__:25-03-23 21:32:54    subject: 1,   trial: 140,    real class: right_hand,   predicted class: right_hand,  val: True,  trainingAcc: 1.0,   actualAcc: 0.7928571428571428
INFO:__main__:25-03-23 21:33:34    subject: 1,   trial: 141,    real class: right_hand,   predicted class: right_hand,  val: True,  trainingAcc: 1.0,   actualAcc: 0.7943262411347518
INFO:__main__:25-03-23 21:34:15    subject: 1,   trial: 142,    real class: feet,   predicted class: feet,  val: True,  trainingAcc: 1.0,   actualAcc: 0.795774647887324
INFO:__main__:25-03-23 21:34:55    subject: 1,   trial: 143,    real class: tongue,   predicted class: tongue,  val: True,  trainingAcc: 1.0,   actualAcc: 0.7972027972027972
INFO:__main__:25-03-23 21:35:36    subject: 1,   trial: 144,    real class: left_hand,   predicted class: left_hand,  val: True,  trainingAcc: 1.0,   actualAcc: 0.7986111111111112
INFO:__main__:25-03-23 21:36:17    subject: 1,   trial: 145,    real class: right_hand,   predicted class: right_hand,  val: True,  trainingAcc: 1.0,   actualAcc: 0.8
INFO:__main__:25-03-23 21:36:58    subject: 1,   trial: 146,    real class: tongue,   predicted class: tongue,  val: True,  trainingAcc: 1.0,   actualAcc: 0.8013698630136986
INFO:__main__:25-03-23 21:37:41    subject: 1,   trial: 147,    real class: left_hand,   predicted class: left_hand,  val: True,  trainingAcc: 1.0,   actualAcc: 0.8027210884353742
INFO:__main__:25-03-23 21:38:22    subject: 1,   trial: 148,    real class: feet,   predicted class: tongue,  val: False,  trainingAcc: 1.0,   actualAcc: 0.7972972972972973
INFO:__main__:25-03-23 23:14:26 Import dataset
INFO:__main__:25-03-23 23:14:45    Augmented Dataset
INFO:__main__:25-03-23 23:14:46    Covariance Calculation
INFO:__main__:25-03-23 23:15:08    Beginning of SVM Test, subject 1
INFO:__main__:25-03-23 23:15:30    subject: 1,   trial: 1,    real class: left_hand,   predicted class: feet,  val: False,  trainingAcc: 1.0,   actualAcc: 0.0
INFO:__main__:25-03-23 23:15:52    subject: 1,   trial: 2,    real class: right_hand,   predicted class: right_hand,  val: True,  trainingAcc: 1.0,   actualAcc: 0.5
INFO:__main__:25-03-23 23:16:14    subject: 1,   trial: 3,    real class: right_hand,   predicted class: left_hand,  val: False,  trainingAcc: 1.0,   actualAcc: 0.3333333333333333
INFO:__main__:25-03-23 23:16:36    subject: 1,   trial: 4,    real class: left_hand,   predicted class: left_hand,  val: True,  trainingAcc: 1.0,   actualAcc: 0.5
INFO:__main__:25-03-23 23:16:58    subject: 1,   trial: 5,    real class: right_hand,   predicted class: right_hand,  val: True,  trainingAcc: 1.0,   actualAcc: 0.6
INFO:__main__:25-03-23 23:17:20    subject: 1,   trial: 6,    real class: left_hand,   predicted class: left_hand,  val: True,  trainingAcc: 1.0,   actualAcc: 0.6666666666666666
INFO:__main__:25-03-23 23:17:42    subject: 1,   trial: 7,    real class: right_hand,   predicted class: right_hand,  val: True,  trainingAcc: 1.0,   actualAcc: 0.7142857142857143
INFO:__main__:25-03-23 23:18:05    subject: 1,   trial: 8,    real class: feet,   predicted class: feet,  val: True,  trainingAcc: 1.0,   actualAcc: 0.75
INFO:__main__:25-03-23 23:18:27    subject: 1,   trial: 9,    real class: right_hand,   predicted class: right_hand,  val: True,  trainingAcc: 1.0,   actualAcc: 0.7777777777777778
INFO:__main__:25-03-23 23:18:49    subject: 1,   trial: 10,    real class: tongue,   predicted class: tongue,  val: True,  trainingAcc: 1.0,   actualAcc: 0.8
INFO:__main__:25-03-23 23:19:12    subject: 1,   trial: 11,    real class: left_hand,   predicted class: left_hand,  val: True,  trainingAcc: 1.0,   actualAcc: 0.8181818181818182
INFO:__main__:25-03-23 23:19:35    subject: 1,   trial: 12,    real class: feet,   predicted class: feet,  val: True,  trainingAcc: 1.0,   actualAcc: 0.8333333333333334
INFO:__main__:25-03-23 23:19:58    subject: 1,   trial: 13,    real class: right_hand,   predicted class: right_hand,  val: True,  trainingAcc: 1.0,   actualAcc: 0.8461538461538461
INFO:__main__:25-03-23 23:20:21    subject: 1,   trial: 14,    real class: left_hand,   predicted class: left_hand,  val: True,  trainingAcc: 1.0,   actualAcc: 0.8571428571428571
INFO:__main__:25-03-23 23:20:44    subject: 1,   trial: 15,    real class: tongue,   predicted class: tongue,  val: True,  trainingAcc: 1.0,   actualAcc: 0.8666666666666667
INFO:__main__:25-03-23 23:21:07    subject: 1,   trial: 16,    real class: tongue,   predicted class: tongue,  val: True,  trainingAcc: 1.0,   actualAcc: 0.875
INFO:__main__:25-03-23 23:21:31    subject: 1,   trial: 17,    real class: tongue,   predicted class: tongue,  val: True,  trainingAcc: 1.0,   actualAcc: 0.8823529411764706
INFO:__main__:25-03-23 23:21:54    subject: 1,   trial: 18,    real class: tongue,   predicted class: tongue,  val: True,  trainingAcc: 1.0,   actualAcc: 0.8888888888888888
INFO:__main__:25-03-23 23:22:18    subject: 1,   trial: 19,    real class: tongue,   predicted class: tongue,  val: True,  trainingAcc: 1.0,   actualAcc: 0.8947368421052632
INFO:__main__:25-03-23 23:22:41    subject: 1,   trial: 20,    real class: left_hand,   predicted class: left_hand,  val: True,  trainingAcc: 1.0,   actualAcc: 0.9
INFO:__main__:25-03-23 23:23:05    subject: 1,   trial: 21,    real class: feet,   predicted class: feet,  val: True,  trainingAcc: 1.0,   actualAcc: 0.9047619047619048
INFO:__main__:25-03-23 23:23:29    subject: 1,   trial: 22,    real class: right_hand,   predicted class: right_hand,  val: True,  trainingAcc: 1.0,   actualAcc: 0.9090909090909091
INFO:__main__:25-03-23 23:23:53    subject: 1,   trial: 23,    real class: left_hand,   predicted class: left_hand,  val: True,  trainingAcc: 1.0,   actualAcc: 0.9130434782608695
INFO:__main__:25-03-23 23:24:17    subject: 1,   trial: 24,    real class: left_hand,   predicted class: left_hand,  val: True,  trainingAcc: 1.0,   actualAcc: 0.9166666666666666
INFO:__main__:25-03-23 23:24:42    subject: 1,   trial: 25,    real class: feet,   predicted class: tongue,  val: False,  trainingAcc: 1.0,   actualAcc: 0.88
INFO:__main__:25-03-23 23:25:06    subject: 1,   trial: 26,    real class: tongue,   predicted class: tongue,  val: True,  trainingAcc: 1.0,   actualAcc: 0.8846153846153846
INFO:__main__:25-03-23 23:25:31    subject: 1,   trial: 27,    real class: left_hand,   predicted class: left_hand,  val: True,  trainingAcc: 1.0,   actualAcc: 0.8888888888888888
INFO:__main__:25-03-23 23:25:55    subject: 1,   trial: 28,    real class: feet,   predicted class: feet,  val: True,  trainingAcc: 1.0,   actualAcc: 0.8928571428571429
INFO:__main__:25-03-23 23:26:20    subject: 1,   trial: 29,    real class: feet,   predicted class: tongue,  val: False,  trainingAcc: 1.0,   actualAcc: 0.8620689655172413
INFO:__main__:25-03-23 23:26:45    subject: 1,   trial: 30,    real class: feet,   predicted class: feet,  val: True,  trainingAcc: 1.0,   actualAcc: 0.8666666666666667
INFO:__main__:25-03-23 23:27:10    subject: 1,   trial: 31,    real class: left_hand,   predicted class: left_hand,  val: True,  trainingAcc: 1.0,   actualAcc: 0.8709677419354839
INFO:__main__:25-03-23 23:27:35    subject: 1,   trial: 32,    real class: right_hand,   predicted class: right_hand,  val: True,  trainingAcc: 1.0,   actualAcc: 0.875
INFO:__main__:25-03-23 23:28:00    subject: 1,   trial: 33,    real class: left_hand,   predicted class: left_hand,  val: True,  trainingAcc: 1.0,   actualAcc: 0.8787878787878788
INFO:__main__:25-03-23 23:28:25    subject: 1,   trial: 34,    real class: right_hand,   predicted class: right_hand,  val: True,  trainingAcc: 1.0,   actualAcc: 0.8823529411764706
INFO:__main__:25-03-23 23:28:51    subject: 1,   trial: 35,    real class: right_hand,   predicted class: feet,  val: False,  trainingAcc: 1.0,   actualAcc: 0.8571428571428571
INFO:__main__:25-03-23 23:29:16    subject: 1,   trial: 36,    real class: left_hand,   predicted class: left_hand,  val: True,  trainingAcc: 1.0,   actualAcc: 0.8611111111111112
INFO:__main__:25-03-23 23:29:42    subject: 1,   trial: 37,    real class: right_hand,   predicted class: right_hand,  val: True,  trainingAcc: 1.0,   actualAcc: 0.8648648648648649
INFO:__main__:25-03-23 23:30:08    subject: 1,   trial: 38,    real class: feet,   predicted class: tongue,  val: False,  trainingAcc: 1.0,   actualAcc: 0.8421052631578947
INFO:__main__:25-03-23 23:30:34    subject: 1,   trial: 39,    real class: right_hand,   predicted class: right_hand,  val: True,  trainingAcc: 1.0,   actualAcc: 0.8461538461538461
INFO:__main__:25-03-23 23:31:00    subject: 1,   trial: 40,    real class: feet,   predicted class: feet,  val: True,  trainingAcc: 1.0,   actualAcc: 0.85
INFO:__main__:25-03-23 23:31:26    subject: 1,   trial: 41,    real class: feet,   predicted class: feet,  val: True,  trainingAcc: 1.0,   actualAcc: 0.8536585365853658
INFO:__main__:25-03-23 23:31:52    subject: 1,   trial: 42,    real class: tongue,   predicted class: tongue,  val: True,  trainingAcc: 1.0,   actualAcc: 0.8571428571428571
INFO:__main__:25-03-23 23:32:18    subject: 1,   trial: 43,    real class: feet,   predicted class: feet,  val: True,  trainingAcc: 1.0,   actualAcc: 0.8604651162790697
INFO:__main__:25-03-23 23:32:45    subject: 1,   trial: 44,    real class: feet,   predicted class: feet,  val: True,  trainingAcc: 1.0,   actualAcc: 0.8636363636363636
INFO:__main__:25-03-23 23:33:12    subject: 1,   trial: 45,    real class: tongue,   predicted class: tongue,  val: True,  trainingAcc: 1.0,   actualAcc: 0.8666666666666667
INFO:__main__:25-03-23 23:33:38    subject: 1,   trial: 46,    real class: tongue,   predicted class: left_hand,  val: False,  trainingAcc: 1.0,   actualAcc: 0.8478260869565217
INFO:__main__:25-03-23 23:34:05    subject: 1,   trial: 47,    real class: tongue,   predicted class: feet,  val: False,  trainingAcc: 1.0,   actualAcc: 0.8297872340425532
INFO:__main__:25-03-23 23:34:32    subject: 1,   trial: 48,    real class: tongue,   predicted class: feet,  val: False,  trainingAcc: 1.0,   actualAcc: 0.8125
INFO:__main__:25-03-23 23:34:59    subject: 1,   trial: 49,    real class: tongue,   predicted class: feet,  val: False,  trainingAcc: 1.0,   actualAcc: 0.7959183673469388
INFO:__main__:25-03-23 23:35:27    subject: 1,   trial: 50,    real class: feet,   predicted class: feet,  val: True,  trainingAcc: 1.0,   actualAcc: 0.8
INFO:__main__:25-03-23 23:35:54    subject: 1,   trial: 51,    real class: right_hand,   predicted class: right_hand,  val: True,  trainingAcc: 1.0,   actualAcc: 0.803921568627451
INFO:__main__:25-03-23 23:36:21    subject: 1,   trial: 52,    real class: left_hand,   predicted class: feet,  val: False,  trainingAcc: 1.0,   actualAcc: 0.7884615384615384
INFO:__main__:25-03-23 23:36:49    subject: 1,   trial: 53,    real class: left_hand,   predicted class: left_hand,  val: True,  trainingAcc: 1.0,   actualAcc: 0.7924528301886793
INFO:__main__:25-03-23 23:37:17    subject: 1,   trial: 54,    real class: right_hand,   predicted class: right_hand,  val: True,  trainingAcc: 1.0,   actualAcc: 0.7962962962962963
INFO:__main__:25-03-23 23:37:45    subject: 1,   trial: 55,    real class: feet,   predicted class: left_hand,  val: False,  trainingAcc: 1.0,   actualAcc: 0.7818181818181819
INFO:__main__:25-03-23 23:38:12    subject: 1,   trial: 56,    real class: tongue,   predicted class: tongue,  val: True,  trainingAcc: 1.0,   actualAcc: 0.7857142857142857
INFO:__main__:25-03-23 23:38:42    subject: 1,   trial: 57,    real class: right_hand,   predicted class: right_hand,  val: True,  trainingAcc: 1.0,   actualAcc: 0.7894736842105263
INFO:__main__:25-03-23 23:39:11    subject: 1,   trial: 58,    real class: feet,   predicted class: feet,  val: True,  trainingAcc: 1.0,   actualAcc: 0.7931034482758621
INFO:__main__:25-03-23 23:39:41    subject: 1,   trial: 59,    real class: left_hand,   predicted class: left_hand,  val: True,  trainingAcc: 1.0,   actualAcc: 0.7966101694915254
INFO:__main__:25-03-23 23:40:10    subject: 1,   trial: 60,    real class: left_hand,   predicted class: left_hand,  val: True,  trainingAcc: 1.0,   actualAcc: 0.8
INFO:__main__:25-03-23 23:40:40    subject: 1,   trial: 61,    real class: left_hand,   predicted class: right_hand,  val: False,  trainingAcc: 1.0,   actualAcc: 0.7868852459016393
INFO:__main__:25-03-23 23:41:09    subject: 1,   trial: 62,    real class: tongue,   predicted class: tongue,  val: True,  trainingAcc: 1.0,   actualAcc: 0.7903225806451613
INFO:__main__:25-03-23 23:41:38    subject: 1,   trial: 63,    real class: right_hand,   predicted class: right_hand,  val: True,  trainingAcc: 1.0,   actualAcc: 0.7936507936507936
INFO:__main__:25-03-23 23:42:06    subject: 1,   trial: 64,    real class: right_hand,   predicted class: right_hand,  val: True,  trainingAcc: 1.0,   actualAcc: 0.796875
INFO:__main__:25-03-23 23:42:35    subject: 1,   trial: 65,    real class: left_hand,   predicted class: left_hand,  val: True,  trainingAcc: 1.0,   actualAcc: 0.8
INFO:__main__:25-03-23 23:43:04    subject: 1,   trial: 66,    real class: left_hand,   predicted class: left_hand,  val: True,  trainingAcc: 1.0,   actualAcc: 0.803030303030303
INFO:__main__:25-03-23 23:43:33    subject: 1,   trial: 67,    real class: feet,   predicted class: feet,  val: True,  trainingAcc: 1.0,   actualAcc: 0.8059701492537313
INFO:__main__:25-03-23 23:44:03    subject: 1,   trial: 68,    real class: left_hand,   predicted class: left_hand,  val: True,  trainingAcc: 1.0,   actualAcc: 0.8088235294117647
INFO:__main__:25-03-23 23:44:34    subject: 1,   trial: 69,    real class: right_hand,   predicted class: left_hand,  val: False,  trainingAcc: 1.0,   actualAcc: 0.7971014492753623
INFO:__main__:25-03-23 23:45:05    subject: 1,   trial: 70,    real class: tongue,   predicted class: tongue,  val: True,  trainingAcc: 1.0,   actualAcc: 0.8
INFO:__main__:25-03-23 23:45:36    subject: 1,   trial: 71,    real class: tongue,   predicted class: tongue,  val: True,  trainingAcc: 1.0,   actualAcc: 0.8028169014084507
INFO:__main__:25-03-23 23:46:07    subject: 1,   trial: 72,    real class: feet,   predicted class: feet,  val: True,  trainingAcc: 1.0,   actualAcc: 0.8055555555555556
INFO:__main__:25-03-23 23:46:38    subject: 1,   trial: 73,    real class: left_hand,   predicted class: left_hand,  val: True,  trainingAcc: 1.0,   actualAcc: 0.8082191780821918
INFO:__main__:25-03-23 23:47:10    subject: 1,   trial: 74,    real class: tongue,   predicted class: tongue,  val: True,  trainingAcc: 1.0,   actualAcc: 0.8108108108108109
INFO:__main__:25-03-23 23:47:41    subject: 1,   trial: 75,    real class: tongue,   predicted class: feet,  val: False,  trainingAcc: 1.0,   actualAcc: 0.8
INFO:__main__:25-03-23 23:48:13    subject: 1,   trial: 76,    real class: right_hand,   predicted class: left_hand,  val: False,  trainingAcc: 1.0,   actualAcc: 0.7894736842105263
INFO:__main__:25-03-23 23:48:45    subject: 1,   trial: 77,    real class: tongue,   predicted class: tongue,  val: True,  trainingAcc: 1.0,   actualAcc: 0.7922077922077922
INFO:__main__:25-03-23 23:49:17    subject: 1,   trial: 78,    real class: tongue,   predicted class: feet,  val: False,  trainingAcc: 1.0,   actualAcc: 0.782051282051282
INFO:__main__:25-03-23 23:49:49    subject: 1,   trial: 79,    real class: right_hand,   predicted class: right_hand,  val: True,  trainingAcc: 1.0,   actualAcc: 0.7848101265822784
INFO:__main__:25-03-23 23:50:21    subject: 1,   trial: 80,    real class: left_hand,   predicted class: left_hand,  val: True,  trainingAcc: 1.0,   actualAcc: 0.7875
INFO:__main__:25-03-23 23:50:54    subject: 1,   trial: 81,    real class: right_hand,   predicted class: tongue,  val: False,  trainingAcc: 1.0,   actualAcc: 0.7777777777777778
INFO:__main__:25-03-23 23:51:26    subject: 1,   trial: 82,    real class: feet,   predicted class: tongue,  val: False,  trainingAcc: 1.0,   actualAcc: 0.7682926829268293
INFO:__main__:25-03-23 23:51:59    subject: 1,   trial: 83,    real class: feet,   predicted class: tongue,  val: False,  trainingAcc: 1.0,   actualAcc: 0.7590361445783133
INFO:__main__:25-03-23 23:52:32    subject: 1,   trial: 84,    real class: feet,   predicted class: feet,  val: True,  trainingAcc: 1.0,   actualAcc: 0.7619047619047619
INFO:__main__:25-03-23 23:53:05    subject: 1,   trial: 85,    real class: tongue,   predicted class: tongue,  val: True,  trainingAcc: 1.0,   actualAcc: 0.7647058823529411
INFO:__main__:25-03-23 23:53:38    subject: 1,   trial: 86,    real class: feet,   predicted class: feet,  val: True,  trainingAcc: 1.0,   actualAcc: 0.7674418604651163
INFO:__main__:25-03-23 23:54:11    subject: 1,   trial: 87,    real class: left_hand,   predicted class: left_hand,  val: True,  trainingAcc: 1.0,   actualAcc: 0.7701149425287356
INFO:__main__:25-03-23 23:54:44    subject: 1,   trial: 88,    real class: tongue,   predicted class: tongue,  val: True,  trainingAcc: 1.0,   actualAcc: 0.7727272727272727
INFO:__main__:25-03-23 23:55:17    subject: 1,   trial: 89,    real class: right_hand,   predicted class: right_hand,  val: True,  trainingAcc: 1.0,   actualAcc: 0.7752808988764045
INFO:__main__:25-03-23 23:55:51    subject: 1,   trial: 90,    real class: feet,   predicted class: tongue,  val: False,  trainingAcc: 1.0,   actualAcc: 0.7666666666666667
INFO:__main__:25-03-23 23:56:24    subject: 1,   trial: 91,    real class: right_hand,   predicted class: right_hand,  val: True,  trainingAcc: 1.0,   actualAcc: 0.7692307692307693
INFO:__main__:25-03-23 23:56:58    subject: 1,   trial: 92,    real class: feet,   predicted class: feet,  val: True,  trainingAcc: 1.0,   actualAcc: 0.7717391304347826
INFO:__main__:25-03-23 23:57:32    subject: 1,   trial: 93,    real class: tongue,   predicted class: tongue,  val: True,  trainingAcc: 1.0,   actualAcc: 0.7741935483870968
INFO:__main__:25-03-23 23:58:08    subject: 1,   trial: 94,    real class: right_hand,   predicted class: right_hand,  val: True,  trainingAcc: 1.0,   actualAcc: 0.776595744680851
INFO:__main__:25-03-23 23:58:43    subject: 1,   trial: 95,    real class: feet,   predicted class: tongue,  val: False,  trainingAcc: 1.0,   actualAcc: 0.7684210526315789
INFO:__main__:25-03-23 23:59:17    subject: 1,   trial: 96,    real class: left_hand,   predicted class: left_hand,  val: True,  trainingAcc: 1.0,   actualAcc: 0.7708333333333334
INFO:__main__:25-03-23 23:59:51    subject: 1,   trial: 97,    real class: left_hand,   predicted class: left_hand,  val: True,  trainingAcc: 1.0,   actualAcc: 0.7731958762886598
INFO:__main__:25-03-24 00:00:26    subject: 1,   trial: 98,    real class: left_hand,   predicted class: right_hand,  val: False,  trainingAcc: 1.0,   actualAcc: 0.7653061224489796
INFO:__main__:25-03-24 00:01:01    subject: 1,   trial: 99,    real class: tongue,   predicted class: feet,  val: False,  trainingAcc: 1.0,   actualAcc: 0.7575757575757576
INFO:__main__:25-03-24 00:01:36    subject: 1,   trial: 100,    real class: right_hand,   predicted class: right_hand,  val: True,  trainingAcc: 1.0,   actualAcc: 0.76
INFO:__main__:25-03-24 00:02:10    subject: 1,   trial: 101,    real class: left_hand,   predicted class: left_hand,  val: True,  trainingAcc: 1.0,   actualAcc: 0.7623762376237624
INFO:__main__:25-03-24 00:02:46    subject: 1,   trial: 102,    real class: feet,   predicted class: feet,  val: True,  trainingAcc: 1.0,   actualAcc: 0.7647058823529411
INFO:__main__:25-03-24 00:03:21    subject: 1,   trial: 103,    real class: left_hand,   predicted class: left_hand,  val: True,  trainingAcc: 1.0,   actualAcc: 0.7669902912621359
INFO:__main__:25-03-24 00:03:56    subject: 1,   trial: 104,    real class: feet,   predicted class: feet,  val: True,  trainingAcc: 1.0,   actualAcc: 0.7692307692307693
INFO:__main__:25-03-24 00:04:32    subject: 1,   trial: 105,    real class: right_hand,   predicted class: right_hand,  val: True,  trainingAcc: 1.0,   actualAcc: 0.7714285714285715
INFO:__main__:25-03-24 00:05:07    subject: 1,   trial: 106,    real class: tongue,   predicted class: tongue,  val: True,  trainingAcc: 1.0,   actualAcc: 0.7735849056603774
INFO:__main__:25-03-24 00:05:43    subject: 1,   trial: 107,    real class: left_hand,   predicted class: left_hand,  val: True,  trainingAcc: 1.0,   actualAcc: 0.7757009345794392
INFO:__main__:25-03-24 00:06:19    subject: 1,   trial: 108,    real class: feet,   predicted class: feet,  val: True,  trainingAcc: 1.0,   actualAcc: 0.7777777777777778
INFO:__main__:25-03-24 00:06:55    subject: 1,   trial: 109,    real class: feet,   predicted class: feet,  val: True,  trainingAcc: 1.0,   actualAcc: 0.7798165137614679
INFO:__main__:25-03-24 00:07:31    subject: 1,   trial: 110,    real class: left_hand,   predicted class: left_hand,  val: True,  trainingAcc: 1.0,   actualAcc: 0.7818181818181819
INFO:__main__:25-03-24 00:08:07    subject: 1,   trial: 111,    real class: feet,   predicted class: feet,  val: True,  trainingAcc: 1.0,   actualAcc: 0.7837837837837838
INFO:__main__:25-03-24 00:08:44    subject: 1,   trial: 112,    real class: right_hand,   predicted class: right_hand,  val: True,  trainingAcc: 1.0,   actualAcc: 0.7857142857142857
INFO:__main__:25-03-24 00:09:20    subject: 1,   trial: 113,    real class: tongue,   predicted class: feet,  val: False,  trainingAcc: 1.0,   actualAcc: 0.7787610619469026
INFO:__main__:25-03-24 00:09:57    subject: 1,   trial: 114,    real class: tongue,   predicted class: feet,  val: False,  trainingAcc: 1.0,   actualAcc: 0.7719298245614035
INFO:__main__:25-03-24 00:10:34    subject: 1,   trial: 115,    real class: tongue,   predicted class: feet,  val: False,  trainingAcc: 1.0,   actualAcc: 0.7652173913043478
INFO:__main__:25-03-24 00:11:11    subject: 1,   trial: 116,    real class: feet,   predicted class: feet,  val: True,  trainingAcc: 1.0,   actualAcc: 0.7672413793103449
INFO:__main__:25-03-24 00:11:48    subject: 1,   trial: 117,    real class: left_hand,   predicted class: left_hand,  val: True,  trainingAcc: 1.0,   actualAcc: 0.7692307692307693
INFO:__main__:25-03-24 00:12:25    subject: 1,   trial: 118,    real class: tongue,   predicted class: tongue,  val: True,  trainingAcc: 1.0,   actualAcc: 0.7711864406779662
INFO:__main__:25-03-24 00:13:02    subject: 1,   trial: 119,    real class: right_hand,   predicted class: right_hand,  val: True,  trainingAcc: 1.0,   actualAcc: 0.773109243697479
INFO:__main__:25-03-24 00:13:40    subject: 1,   trial: 120,    real class: tongue,   predicted class: tongue,  val: True,  trainingAcc: 1.0,   actualAcc: 0.775
INFO:__main__:25-03-24 00:14:17    subject: 1,   trial: 121,    real class: right_hand,   predicted class: right_hand,  val: True,  trainingAcc: 1.0,   actualAcc: 0.7768595041322314
INFO:__main__:25-03-24 00:14:55    subject: 1,   trial: 122,    real class: left_hand,   predicted class: feet,  val: False,  trainingAcc: 1.0,   actualAcc: 0.7704918032786885
INFO:__main__:25-03-24 00:15:33    subject: 1,   trial: 123,    real class: feet,   predicted class: feet,  val: True,  trainingAcc: 1.0,   actualAcc: 0.7723577235772358
INFO:__main__:25-03-24 00:16:11    subject: 1,   trial: 124,    real class: right_hand,   predicted class: left_hand,  val: False,  trainingAcc: 1.0,   actualAcc: 0.7661290322580645
INFO:__main__:25-03-24 00:16:49    subject: 1,   trial: 125,    real class: left_hand,   predicted class: left_hand,  val: True,  trainingAcc: 1.0,   actualAcc: 0.768
INFO:__main__:25-03-24 00:17:27    subject: 1,   trial: 126,    real class: feet,   predicted class: feet,  val: True,  trainingAcc: 1.0,   actualAcc: 0.7698412698412699
INFO:__main__:25-03-24 00:18:06    subject: 1,   trial: 127,    real class: feet,   predicted class: feet,  val: True,  trainingAcc: 1.0,   actualAcc: 0.7716535433070866
INFO:__main__:25-03-24 00:18:44    subject: 1,   trial: 128,    real class: left_hand,   predicted class: left_hand,  val: True,  trainingAcc: 1.0,   actualAcc: 0.7734375
INFO:__main__:25-03-24 00:19:23    subject: 1,   trial: 129,    real class: feet,   predicted class: feet,  val: True,  trainingAcc: 1.0,   actualAcc: 0.7751937984496124
INFO:__main__:25-03-24 00:20:02    subject: 1,   trial: 130,    real class: tongue,   predicted class: tongue,  val: True,  trainingAcc: 1.0,   actualAcc: 0.7769230769230769
INFO:__main__:25-03-24 00:20:41    subject: 1,   trial: 131,    real class: tongue,   predicted class: tongue,  val: True,  trainingAcc: 1.0,   actualAcc: 0.7786259541984732
INFO:__main__:25-03-24 00:21:20    subject: 1,   trial: 132,    real class: right_hand,   predicted class: right_hand,  val: True,  trainingAcc: 1.0,   actualAcc: 0.7803030303030303
INFO:__main__:25-03-24 00:21:59    subject: 1,   trial: 133,    real class: left_hand,   predicted class: left_hand,  val: True,  trainingAcc: 1.0,   actualAcc: 0.7819548872180451
INFO:__main__:25-03-24 00:22:38    subject: 1,   trial: 134,    real class: right_hand,   predicted class: right_hand,  val: True,  trainingAcc: 1.0,   actualAcc: 0.7835820895522388
INFO:__main__:25-03-24 00:23:18    subject: 1,   trial: 135,    real class: tongue,   predicted class: tongue,  val: True,  trainingAcc: 1.0,   actualAcc: 0.7851851851851852
INFO:__main__:25-03-24 00:23:58    subject: 1,   trial: 136,    real class: right_hand,   predicted class: right_hand,  val: True,  trainingAcc: 1.0,   actualAcc: 0.7867647058823529
INFO:__main__:25-03-24 00:24:37    subject: 1,   trial: 137,    real class: tongue,   predicted class: tongue,  val: True,  trainingAcc: 1.0,   actualAcc: 0.7883211678832117
INFO:__main__:25-03-24 00:25:17    subject: 1,   trial: 138,    real class: feet,   predicted class: feet,  val: True,  trainingAcc: 1.0,   actualAcc: 0.7898550724637681
INFO:__main__:25-03-24 00:25:57    subject: 1,   trial: 139,    real class: right_hand,   predicted class: right_hand,  val: True,  trainingAcc: 1.0,   actualAcc: 0.7913669064748201
INFO:__main__:25-03-24 00:26:37    subject: 1,   trial: 140,    real class: right_hand,   predicted class: right_hand,  val: True,  trainingAcc: 1.0,   actualAcc: 0.7928571428571428
INFO:__main__:25-03-24 00:27:18    subject: 1,   trial: 141,    real class: right_hand,   predicted class: right_hand,  val: True,  trainingAcc: 1.0,   actualAcc: 0.7943262411347518
INFO:__main__:25-03-24 00:27:58    subject: 1,   trial: 142,    real class: feet,   predicted class: feet,  val: True,  trainingAcc: 1.0,   actualAcc: 0.795774647887324
INFO:__main__:25-03-24 00:28:39    subject: 1,   trial: 143,    real class: tongue,   predicted class: tongue,  val: True,  trainingAcc: 1.0,   actualAcc: 0.7972027972027972
INFO:__main__:25-03-24 00:29:20    subject: 1,   trial: 144,    real class: left_hand,   predicted class: left_hand,  val: True,  trainingAcc: 1.0,   actualAcc: 0.7986111111111112
INFO:__main__:25-03-24 00:30:01    subject: 1,   trial: 145,    real class: right_hand,   predicted class: right_hand,  val: True,  trainingAcc: 1.0,   actualAcc: 0.8
INFO:__main__:25-03-24 00:30:42    subject: 1,   trial: 146,    real class: tongue,   predicted class: tongue,  val: True,  trainingAcc: 1.0,   actualAcc: 0.8013698630136986
INFO:__main__:25-03-24 00:31:23    subject: 1,   trial: 147,    real class: left_hand,   predicted class: left_hand,  val: True,  trainingAcc: 1.0,   actualAcc: 0.8027210884353742
INFO:__main__:25-03-24 00:32:05    subject: 1,   trial: 148,    real class: feet,   predicted class: tongue,  val: False,  trainingAcc: 1.0,   actualAcc: 0.7972972972972973
INFO:__main__:25-03-24 00:32:46    subject: 1,   trial: 149,    real class: feet,   predicted class: feet,  val: True,  trainingAcc: 1.0,   actualAcc: 0.7986577181208053
INFO:__main__:25-03-24 00:33:28    subject: 1,   trial: 150,    real class: tongue,   predicted class: tongue,  val: True,  trainingAcc: 1.0,   actualAcc: 0.8
INFO:__main__:25-03-24 00:34:10    subject: 1,   trial: 151,    real class: left_hand,   predicted class: left_hand,  val: True,  trainingAcc: 1.0,   actualAcc: 0.8013245033112583
INFO:__main__:25-03-24 00:34:52    subject: 1,   trial: 152,    real class: left_hand,   predicted class: left_hand,  val: True,  trainingAcc: 1.0,   actualAcc: 0.8026315789473685
INFO:__main__:25-03-24 00:35:34    subject: 1,   trial: 153,    real class: feet,   predicted class: feet,  val: True,  trainingAcc: 1.0,   actualAcc: 0.803921568627451
INFO:__main__:25-03-24 00:36:16    subject: 1,   trial: 154,    real class: right_hand,   predicted class: right_hand,  val: True,  trainingAcc: 1.0,   actualAcc: 0.8051948051948052
INFO:__main__:25-03-24 00:36:59    subject: 1,   trial: 155,    real class: tongue,   predicted class: feet,  val: False,  trainingAcc: 1.0,   actualAcc: 0.8
INFO:__main__:25-03-24 00:37:41    subject: 1,   trial: 156,    real class: tongue,   predicted class: tongue,  val: True,  trainingAcc: 1.0,   actualAcc: 0.8012820512820513
INFO:__main__:25-03-24 00:38:24    subject: 1,   trial: 157,    real class: tongue,   predicted class: tongue,  val: True,  trainingAcc: 1.0,   actualAcc: 0.802547770700637
INFO:__main__:25-03-24 00:39:07    subject: 1,   trial: 158,    real class: right_hand,   predicted class: left_hand,  val: False,  trainingAcc: 1.0,   actualAcc: 0.7974683544303798
INFO:__main__:25-03-24 00:39:50    subject: 1,   trial: 159,    real class: left_hand,   predicted class: left_hand,  val: True,  trainingAcc: 1.0,   actualAcc: 0.7987421383647799
INFO:__main__:25-03-24 00:40:33    subject: 1,   trial: 160,    real class: feet,   predicted class: feet,  val: True,  trainingAcc: 1.0,   actualAcc: 0.8
INFO:__main__:25-03-24 00:41:16    subject: 1,   trial: 161,    real class: right_hand,   predicted class: right_hand,  val: True,  trainingAcc: 1.0,   actualAcc: 0.8012422360248447
INFO:__main__:25-03-24 00:41:59    subject: 1,   trial: 162,    real class: tongue,   predicted class: tongue,  val: True,  trainingAcc: 1.0,   actualAcc: 0.8024691358024691
INFO:__main__:25-03-24 00:42:43    subject: 1,   trial: 163,    real class: left_hand,   predicted class: left_hand,  val: True,  trainingAcc: 1.0,   actualAcc: 0.803680981595092
INFO:__main__:25-03-24 00:43:26    subject: 1,   trial: 164,    real class: tongue,   predicted class: tongue,  val: True,  trainingAcc: 1.0,   actualAcc: 0.8048780487804879
INFO:__main__:25-03-24 00:44:10    subject: 1,   trial: 165,    real class: feet,   predicted class: tongue,  val: False,  trainingAcc: 1.0,   actualAcc: 0.8
INFO:__main__:25-03-24 00:44:54    subject: 1,   trial: 166,    real class: right_hand,   predicted class: right_hand,  val: True,  trainingAcc: 1.0,   actualAcc: 0.8012048192771084
INFO:__main__:25-03-24 00:45:38    subject: 1,   trial: 167,    real class: tongue,   predicted class: tongue,  val: True,  trainingAcc: 1.0,   actualAcc: 0.8023952095808383
INFO:__main__:25-03-24 00:46:22    subject: 1,   trial: 168,    real class: tongue,   predicted class: tongue,  val: True,  trainingAcc: 1.0,   actualAcc: 0.8035714285714286
INFO:__main__:25-03-24 00:47:07    subject: 1,   trial: 169,    real class: left_hand,   predicted class: left_hand,  val: True,  trainingAcc: 1.0,   actualAcc: 0.8047337278106509
INFO:__main__:25-03-24 00:47:51    subject: 1,   trial: 170,    real class: right_hand,   predicted class: right_hand,  val: True,  trainingAcc: 1.0,   actualAcc: 0.8058823529411765
INFO:__main__:25-03-24 00:48:36    subject: 1,   trial: 171,    real class: right_hand,   predicted class: left_hand,  val: False,  trainingAcc: 1.0,   actualAcc: 0.8011695906432749
INFO:__main__:25-03-24 00:49:21    subject: 1,   trial: 172,    real class: feet,   predicted class: left_hand,  val: False,  trainingAcc: 1.0,   actualAcc: 0.7965116279069767
INFO:__main__:25-03-24 00:50:06    subject: 1,   trial: 173,    real class: tongue,   predicted class: tongue,  val: True,  trainingAcc: 1.0,   actualAcc: 0.7976878612716763
INFO:__main__:25-03-24 00:50:51    subject: 1,   trial: 174,    real class: right_hand,   predicted class: right_hand,  val: True,  trainingAcc: 1.0,   actualAcc: 0.7988505747126436
INFO:__main__:25-03-24 00:51:36    subject: 1,   trial: 175,    real class: left_hand,   predicted class: left_hand,  val: True,  trainingAcc: 1.0,   actualAcc: 0.8
INFO:__main__:25-03-24 00:52:21    subject: 1,   trial: 176,    real class: left_hand,   predicted class: left_hand,  val: True,  trainingAcc: 1.0,   actualAcc: 0.8011363636363636
INFO:__main__:25-03-24 00:53:07    subject: 1,   trial: 177,    real class: tongue,   predicted class: tongue,  val: True,  trainingAcc: 1.0,   actualAcc: 0.8022598870056498
INFO:__main__:25-03-24 00:53:52    subject: 1,   trial: 178,    real class: right_hand,   predicted class: right_hand,  val: True,  trainingAcc: 1.0,   actualAcc: 0.8033707865168539
INFO:__main__:25-03-24 00:54:38    subject: 1,   trial: 179,    real class: left_hand,   predicted class: left_hand,  val: True,  trainingAcc: 1.0,   actualAcc: 0.8044692737430168
INFO:__main__:25-03-24 00:55:24    subject: 1,   trial: 180,    real class: feet,   predicted class: tongue,  val: False,  trainingAcc: 1.0,   actualAcc: 0.8
INFO:__main__:25-03-24 00:56:10    subject: 1,   trial: 181,    real class: right_hand,   predicted class: right_hand,  val: True,  trainingAcc: 1.0,   actualAcc: 0.8011049723756906
INFO:__main__:25-03-24 00:56:57    subject: 1,   trial: 182,    real class: right_hand,   predicted class: right_hand,  val: True,  trainingAcc: 1.0,   actualAcc: 0.8021978021978022
INFO:__main__:25-03-24 00:57:43    subject: 1,   trial: 183,    real class: feet,   predicted class: feet,  val: True,  trainingAcc: 1.0,   actualAcc: 0.8032786885245902
INFO:__main__:25-03-24 00:58:29    subject: 1,   trial: 184,    real class: left_hand,   predicted class: left_hand,  val: True,  trainingAcc: 1.0,   actualAcc: 0.8043478260869565
INFO:__main__:25-03-24 00:59:16    subject: 1,   trial: 185,    real class: tongue,   predicted class: tongue,  val: True,  trainingAcc: 1.0,   actualAcc: 0.8054054054054054
INFO:__main__:25-03-24 01:00:03    subject: 1,   trial: 186,    real class: feet,   predicted class: feet,  val: True,  trainingAcc: 1.0,   actualAcc: 0.8064516129032258
INFO:__main__:25-03-24 01:00:50    subject: 1,   trial: 187,    real class: feet,   predicted class: feet,  val: True,  trainingAcc: 1.0,   actualAcc: 0.8074866310160428
INFO:__main__:25-03-24 01:01:37    subject: 1,   trial: 188,    real class: feet,   predicted class: feet,  val: True,  trainingAcc: 1.0,   actualAcc: 0.8085106382978723
INFO:__main__:25-03-24 01:02:24    subject: 1,   trial: 189,    real class: feet,   predicted class: feet,  val: True,  trainingAcc: 1.0,   actualAcc: 0.8095238095238095
INFO:__main__:25-03-24 01:03:12    subject: 1,   trial: 190,    real class: left_hand,   predicted class: left_hand,  val: True,  trainingAcc: 1.0,   actualAcc: 0.8105263157894737
INFO:__main__:25-03-24 01:03:59    subject: 1,   trial: 191,    real class: right_hand,   predicted class: right_hand,  val: True,  trainingAcc: 1.0,   actualAcc: 0.8115183246073299
INFO:__main__:25-03-24 01:04:47    subject: 1,   trial: 192,    real class: left_hand,   predicted class: left_hand,  val: True,  trainingAcc: 1.0,   actualAcc: 0.8125
INFO:__main__:25-03-24 01:05:35    subject: 1,   trial: 193,    real class: right_hand,   predicted class: right_hand,  val: True,  trainingAcc: 1.0,   actualAcc: 0.8134715025906736
INFO:__main__:25-03-24 01:06:23    subject: 1,   trial: 194,    real class: left_hand,   predicted class: left_hand,  val: True,  trainingAcc: 1.0,   actualAcc: 0.8144329896907216
INFO:__main__:25-03-24 01:07:11    subject: 1,   trial: 195,    real class: left_hand,   predicted class: right_hand,  val: False,  trainingAcc: 1.0,   actualAcc: 0.8102564102564103
INFO:__main__:25-03-24 01:07:59    subject: 1,   trial: 196,    real class: feet,   predicted class: feet,  val: True,  trainingAcc: 1.0,   actualAcc: 0.8112244897959183
INFO:__main__:25-03-24 01:08:48    subject: 1,   trial: 197,    real class: feet,   predicted class: feet,  val: True,  trainingAcc: 1.0,   actualAcc: 0.8121827411167513
INFO:__main__:25-03-24 01:09:36    subject: 1,   trial: 198,    real class: right_hand,   predicted class: right_hand,  val: True,  trainingAcc: 1.0,   actualAcc: 0.8131313131313131
INFO:__main__:25-03-24 01:10:25    subject: 1,   trial: 199,    real class: feet,   predicted class: feet,  val: True,  trainingAcc: 1.0,   actualAcc: 0.8140703517587939
INFO:__main__:25-03-24 01:11:14    subject: 1,   trial: 200,    real class: tongue,   predicted class: tongue,  val: True,  trainingAcc: 1.0,   actualAcc: 0.815
INFO:__main__:25-03-24 01:12:03    subject: 1,   trial: 201,    real class: left_hand,   predicted class: right_hand,  val: False,  trainingAcc: 1.0,   actualAcc: 0.8109452736318408
INFO:__main__:25-03-24 01:12:52    subject: 1,   trial: 202,    real class: tongue,   predicted class: tongue,  val: True,  trainingAcc: 1.0,   actualAcc: 0.8118811881188119
INFO:__main__:25-03-24 01:13:42    subject: 1,   trial: 203,    real class: left_hand,   predicted class: left_hand,  val: True,  trainingAcc: 1.0,   actualAcc: 0.812807881773399
INFO:__main__:25-03-24 01:14:31    subject: 1,   trial: 204,    real class: left_hand,   predicted class: left_hand,  val: True,  trainingAcc: 1.0,   actualAcc: 0.8137254901960784
INFO:__main__:25-03-24 01:15:21    subject: 1,   trial: 205,    real class: right_hand,   predicted class: right_hand,  val: True,  trainingAcc: 1.0,   actualAcc: 0.8146341463414634
INFO:__main__:25-03-24 01:16:11    subject: 1,   trial: 206,    real class: tongue,   predicted class: tongue,  val: True,  trainingAcc: 1.0,   actualAcc: 0.8155339805825242
INFO:__main__:25-03-24 01:17:01    subject: 1,   trial: 207,    real class: feet,   predicted class: feet,  val: True,  trainingAcc: 1.0,   actualAcc: 0.8164251207729468
INFO:__main__:25-03-24 01:17:51    subject: 1,   trial: 208,    real class: right_hand,   predicted class: right_hand,  val: True,  trainingAcc: 1.0,   actualAcc: 0.8173076923076923
INFO:__main__:25-03-24 01:18:41    subject: 1,   trial: 209,    real class: tongue,   predicted class: tongue,  val: True,  trainingAcc: 1.0,   actualAcc: 0.8181818181818182
INFO:__main__:25-03-24 01:19:32    subject: 1,   trial: 210,    real class: feet,   predicted class: feet,  val: True,  trainingAcc: 1.0,   actualAcc: 0.819047619047619
INFO:__main__:25-03-24 01:20:22    subject: 1,   trial: 211,    real class: tongue,   predicted class: tongue,  val: True,  trainingAcc: 1.0,   actualAcc: 0.8199052132701422
INFO:__main__:25-03-24 01:21:13    subject: 1,   trial: 212,    real class: feet,   predicted class: feet,  val: True,  trainingAcc: 1.0,   actualAcc: 0.8207547169811321
INFO:__main__:25-03-24 01:22:04    subject: 1,   trial: 213,    real class: tongue,   predicted class: tongue,  val: True,  trainingAcc: 1.0,   actualAcc: 0.8215962441314554
INFO:__main__:25-03-24 01:22:55    subject: 1,   trial: 214,    real class: right_hand,   predicted class: right_hand,  val: True,  trainingAcc: 1.0,   actualAcc: 0.822429906542056
INFO:__main__:25-03-24 01:23:46    subject: 1,   trial: 215,    real class: right_hand,   predicted class: right_hand,  val: True,  trainingAcc: 1.0,   actualAcc: 0.8232558139534883
INFO:__main__:25-03-24 01:24:38    subject: 1,   trial: 216,    real class: tongue,   predicted class: tongue,  val: True,  trainingAcc: 1.0,   actualAcc: 0.8240740740740741
INFO:__main__:25-03-24 01:25:29    subject: 1,   trial: 217,    real class: left_hand,   predicted class: left_hand,  val: True,  trainingAcc: 1.0,   actualAcc: 0.8248847926267281
INFO:__main__:25-03-24 01:26:21    subject: 1,   trial: 218,    real class: right_hand,   predicted class: right_hand,  val: True,  trainingAcc: 1.0,   actualAcc: 0.8256880733944955
INFO:__main__:25-03-24 01:27:13    subject: 1,   trial: 219,    real class: right_hand,   predicted class: right_hand,  val: True,  trainingAcc: 1.0,   actualAcc: 0.8264840182648402
INFO:__main__:25-03-24 01:28:05    subject: 1,   trial: 220,    real class: right_hand,   predicted class: right_hand,  val: True,  trainingAcc: 1.0,   actualAcc: 0.8272727272727273
INFO:__main__:25-03-24 01:28:57    subject: 1,   trial: 221,    real class: feet,   predicted class: feet,  val: True,  trainingAcc: 1.0,   actualAcc: 0.8280542986425339
INFO:__main__:25-03-24 01:29:50    subject: 1,   trial: 222,    real class: tongue,   predicted class: tongue,  val: True,  trainingAcc: 1.0,   actualAcc: 0.8288288288288288
INFO:__main__:25-03-24 01:30:42    subject: 1,   trial: 223,    real class: left_hand,   predicted class: left_hand,  val: True,  trainingAcc: 1.0,   actualAcc: 0.8295964125560538
INFO:__main__:25-03-24 01:31:35    subject: 1,   trial: 224,    real class: tongue,   predicted class: feet,  val: False,  trainingAcc: 1.0,   actualAcc: 0.8258928571428571
INFO:__main__:25-03-24 01:32:28    subject: 1,   trial: 225,    real class: left_hand,   predicted class: right_hand,  val: False,  trainingAcc: 1.0,   actualAcc: 0.8222222222222222
INFO:__main__:25-03-24 01:33:20    subject: 1,   trial: 226,    real class: feet,   predicted class: feet,  val: True,  trainingAcc: 1.0,   actualAcc: 0.8230088495575221
INFO:__main__:25-03-24 01:34:14    subject: 1,   trial: 227,    real class: left_hand,   predicted class: left_hand,  val: True,  trainingAcc: 1.0,   actualAcc: 0.8237885462555066
INFO:__main__:25-03-24 01:35:07    subject: 1,   trial: 228,    real class: tongue,   predicted class: tongue,  val: True,  trainingAcc: 1.0,   actualAcc: 0.8245614035087719
INFO:__main__:25-03-24 01:36:00    subject: 1,   trial: 229,    real class: left_hand,   predicted class: left_hand,  val: True,  trainingAcc: 1.0,   actualAcc: 0.8253275109170306
INFO:__main__:25-03-24 01:36:54    subject: 1,   trial: 230,    real class: feet,   predicted class: feet,  val: True,  trainingAcc: 1.0,   actualAcc: 0.8260869565217391
INFO:__main__:25-03-24 01:37:48    subject: 1,   trial: 231,    real class: left_hand,   predicted class: right_hand,  val: False,  trainingAcc: 1.0,   actualAcc: 0.8225108225108225
INFO:__main__:25-03-24 01:38:42    subject: 1,   trial: 232,    real class: right_hand,   predicted class: right_hand,  val: True,  trainingAcc: 1.0,   actualAcc: 0.8232758620689655
INFO:__main__:25-03-24 01:39:35    subject: 1,   trial: 233,    real class: feet,   predicted class: feet,  val: True,  trainingAcc: 1.0,   actualAcc: 0.8240343347639485
INFO:__main__:25-03-24 01:40:30    subject: 1,   trial: 234,    real class: feet,   predicted class: feet,  val: True,  trainingAcc: 1.0,   actualAcc: 0.8247863247863247
INFO:__main__:25-03-24 01:41:24    subject: 1,   trial: 235,    real class: tongue,   predicted class: tongue,  val: True,  trainingAcc: 1.0,   actualAcc: 0.825531914893617
INFO:__main__:25-03-24 01:42:19    subject: 1,   trial: 236,    real class: left_hand,   predicted class: left_hand,  val: True,  trainingAcc: 1.0,   actualAcc: 0.826271186440678
INFO:__main__:25-03-24 01:43:13    subject: 1,   trial: 237,    real class: right_hand,   predicted class: right_hand,  val: True,  trainingAcc: 1.0,   actualAcc: 0.8270042194092827
INFO:__main__:25-03-24 01:44:08    subject: 1,   trial: 238,    real class: tongue,   predicted class: tongue,  val: True,  trainingAcc: 1.0,   actualAcc: 0.8277310924369747
INFO:__main__:25-03-24 01:45:03    subject: 1,   trial: 239,    real class: right_hand,   predicted class: right_hand,  val: True,  trainingAcc: 1.0,   actualAcc: 0.8284518828451883
INFO:__main__:25-03-24 01:45:58    subject: 1,   trial: 240,    real class: feet,   predicted class: feet,  val: True,  trainingAcc: 1.0,   actualAcc: 0.8291666666666667
INFO:__main__:25-03-24 01:46:54    subject: 1,   trial: 241,    real class: feet,   predicted class: right_hand,  val: False,  trainingAcc: 1.0,   actualAcc: 0.8257261410788381
INFO:__main__:25-03-24 01:47:49    subject: 1,   trial: 242,    real class: left_hand,   predicted class: left_hand,  val: True,  trainingAcc: 1.0,   actualAcc: 0.8264462809917356
INFO:__main__:25-03-24 01:48:45    subject: 1,   trial: 243,    real class: tongue,   predicted class: tongue,  val: True,  trainingAcc: 1.0,   actualAcc: 0.8271604938271605
INFO:__main__:25-03-24 01:49:40    subject: 1,   trial: 244,    real class: right_hand,   predicted class: right_hand,  val: True,  trainingAcc: 1.0,   actualAcc: 0.8278688524590164
INFO:__main__:25-03-24 01:50:36    subject: 1,   trial: 245,    real class: tongue,   predicted class: tongue,  val: True,  trainingAcc: 1.0,   actualAcc: 0.8285714285714286
INFO:__main__:25-03-24 01:51:32    subject: 1,   trial: 246,    real class: left_hand,   predicted class: left_hand,  val: True,  trainingAcc: 1.0,   actualAcc: 0.8292682926829268
INFO:__main__:25-03-24 01:52:29    subject: 1,   trial: 247,    real class: left_hand,   predicted class: left_hand,  val: True,  trainingAcc: 1.0,   actualAcc: 0.8299595141700404
INFO:__main__:25-03-24 01:53:25    subject: 1,   trial: 248,    real class: feet,   predicted class: feet,  val: True,  trainingAcc: 1.0,   actualAcc: 0.8306451612903226
INFO:__main__:25-03-24 01:54:22    subject: 1,   trial: 249,    real class: feet,   predicted class: feet,  val: True,  trainingAcc: 1.0,   actualAcc: 0.8313253012048193
INFO:__main__:25-03-24 01:55:19    subject: 1,   trial: 250,    real class: right_hand,   predicted class: right_hand,  val: True,  trainingAcc: 1.0,   actualAcc: 0.832
INFO:__main__:25-03-24 01:56:17    subject: 1,   trial: 251,    real class: tongue,   predicted class: tongue,  val: True,  trainingAcc: 1.0,   actualAcc: 0.8326693227091634
INFO:__main__:25-03-24 01:57:14    subject: 1,   trial: 252,    real class: right_hand,   predicted class: right_hand,  val: True,  trainingAcc: 1.0,   actualAcc: 0.8333333333333334
INFO:__main__:25-03-24 01:58:11    subject: 1,   trial: 253,    real class: right_hand,   predicted class: right_hand,  val: True,  trainingAcc: 1.0,   actualAcc: 0.83399209486166
INFO:__main__:25-03-24 01:59:09    subject: 1,   trial: 254,    real class: left_hand,   predicted class: left_hand,  val: True,  trainingAcc: 1.0,   actualAcc: 0.8346456692913385
INFO:__main__:25-03-24 02:00:06    subject: 1,   trial: 255,    real class: right_hand,   predicted class: right_hand,  val: True,  trainingAcc: 1.0,   actualAcc: 0.8352941176470589
INFO:__main__:25-03-24 02:01:04    subject: 1,   trial: 256,    real class: tongue,   predicted class: tongue,  val: True,  trainingAcc: 1.0,   actualAcc: 0.8359375
INFO:__main__:25-03-24 02:02:02    subject: 1,   trial: 257,    real class: tongue,   predicted class: tongue,  val: True,  trainingAcc: 1.0,   actualAcc: 0.8365758754863813
INFO:__main__:25-03-24 02:03:00    subject: 1,   trial: 258,    real class: right_hand,   predicted class: right_hand,  val: True,  trainingAcc: 1.0,   actualAcc: 0.8372093023255814
INFO:__main__:25-03-24 02:03:58    subject: 1,   trial: 259,    real class: right_hand,   predicted class: right_hand,  val: True,  trainingAcc: 1.0,   actualAcc: 0.8378378378378378
INFO:__main__:25-03-24 02:04:57    subject: 1,   trial: 260,    real class: right_hand,   predicted class: left_hand,  val: False,  trainingAcc: 1.0,   actualAcc: 0.8346153846153846
INFO:__main__:25-03-24 02:05:56    subject: 1,   trial: 261,    real class: right_hand,   predicted class: right_hand,  val: True,  trainingAcc: 1.0,   actualAcc: 0.8352490421455939
INFO:__main__:25-03-24 02:06:54    subject: 1,   trial: 262,    real class: tongue,   predicted class: tongue,  val: True,  trainingAcc: 1.0,   actualAcc: 0.8358778625954199
INFO:__main__:25-03-24 02:07:53    subject: 1,   trial: 263,    real class: tongue,   predicted class: tongue,  val: True,  trainingAcc: 1.0,   actualAcc: 0.8365019011406845
INFO:__main__:25-03-24 02:08:52    subject: 1,   trial: 264,    real class: feet,   predicted class: feet,  val: True,  trainingAcc: 1.0,   actualAcc: 0.8371212121212122
INFO:__main__:25-03-24 02:09:51    subject: 1,   trial: 265,    real class: tongue,   predicted class: tongue,  val: True,  trainingAcc: 1.0,   actualAcc: 0.8377358490566038
INFO:__main__:25-03-24 02:10:50    subject: 1,   trial: 266,    real class: left_hand,   predicted class: right_hand,  val: False,  trainingAcc: 1.0,   actualAcc: 0.8345864661654135
INFO:__main__:25-03-24 02:11:50    subject: 1,   trial: 267,    real class: right_hand,   predicted class: right_hand,  val: True,  trainingAcc: 1.0,   actualAcc: 0.8352059925093633
INFO:__main__:25-03-24 02:12:50    subject: 1,   trial: 268,    real class: feet,   predicted class: feet,  val: True,  trainingAcc: 1.0,   actualAcc: 0.835820895522388
INFO:__main__:25-03-24 02:13:49    subject: 1,   trial: 269,    real class: right_hand,   predicted class: right_hand,  val: True,  trainingAcc: 1.0,   actualAcc: 0.8364312267657993
INFO:__main__:25-03-24 02:14:49    subject: 1,   trial: 270,    real class: left_hand,   predicted class: left_hand,  val: True,  trainingAcc: 1.0,   actualAcc: 0.837037037037037
INFO:__main__:25-03-24 02:15:50    subject: 1,   trial: 271,    real class: tongue,   predicted class: tongue,  val: True,  trainingAcc: 1.0,   actualAcc: 0.8376383763837638
INFO:__main__:25-03-24 02:16:50    subject: 1,   trial: 272,    real class: left_hand,   predicted class: left_hand,  val: True,  trainingAcc: 1.0,   actualAcc: 0.8382352941176471
INFO:__main__:25-03-24 02:17:50    subject: 1,   trial: 273,    real class: tongue,   predicted class: feet,  val: False,  trainingAcc: 1.0,   actualAcc: 0.8351648351648352
INFO:__main__:25-03-24 02:18:51    subject: 1,   trial: 274,    real class: left_hand,   predicted class: left_hand,  val: True,  trainingAcc: 1.0,   actualAcc: 0.8357664233576643
INFO:__main__:25-03-24 02:19:52    subject: 1,   trial: 275,    real class: left_hand,   predicted class: left_hand,  val: True,  trainingAcc: 1.0,   actualAcc: 0.8363636363636363
INFO:__main__:25-03-24 02:20:53    subject: 1,   trial: 276,    real class: left_hand,   predicted class: left_hand,  val: True,  trainingAcc: 1.0,   actualAcc: 0.8369565217391305
INFO:__main__:25-03-24 02:21:54    subject: 1,   trial: 277,    real class: left_hand,   predicted class: left_hand,  val: True,  trainingAcc: 1.0,   actualAcc: 0.8375451263537906
INFO:__main__:25-03-24 02:22:55    subject: 1,   trial: 278,    real class: feet,   predicted class: feet,  val: True,  trainingAcc: 1.0,   actualAcc: 0.8381294964028777
INFO:__main__:25-03-24 02:23:57    subject: 1,   trial: 279,    real class: feet,   predicted class: feet,  val: True,  trainingAcc: 1.0,   actualAcc: 0.8387096774193549
INFO:__main__:25-03-24 02:24:58    subject: 1,   trial: 280,    real class: tongue,   predicted class: tongue,  val: True,  trainingAcc: 1.0,   actualAcc: 0.8392857142857143
INFO:__main__:25-03-24 02:26:00    subject: 1,   trial: 281,    real class: right_hand,   predicted class: right_hand,  val: True,  trainingAcc: 1.0,   actualAcc: 0.8398576512455516
INFO:__main__:25-03-24 02:27:02    subject: 1,   trial: 282,    real class: feet,   predicted class: feet,  val: True,  trainingAcc: 1.0,   actualAcc: 0.8404255319148937
INFO:__main__:25-03-24 02:28:04    subject: 1,   trial: 283,    real class: feet,   predicted class: feet,  val: True,  trainingAcc: 1.0,   actualAcc: 0.8409893992932862
INFO:__main__:25-03-24 02:29:07    subject: 1,   trial: 284,    real class: feet,   predicted class: tongue,  val: False,  trainingAcc: 1.0,   actualAcc: 0.8380281690140845
INFO:__main__:25-03-24 02:30:09    subject: 1,   trial: 285,    real class: tongue,   predicted class: tongue,  val: True,  trainingAcc: 1.0,   actualAcc: 0.8385964912280702
INFO:__main__:25-03-24 02:31:12    subject: 1,   trial: 286,    real class: feet,   predicted class: tongue,  val: False,  trainingAcc: 1.0,   actualAcc: 0.8356643356643356
INFO:__main__:25-03-24 02:32:15    subject: 1,   trial: 287,    real class: left_hand,   predicted class: left_hand,  val: True,  trainingAcc: 1.0,   actualAcc: 0.8362369337979094
INFO:__main__:25-03-24 02:33:18    subject: 1,   trial: 288,    real class: feet,   predicted class: feet,  val: True,  trainingAcc: 1.0,   actualAcc: 0.8368055555555556
INFO:__main__:25-03-24 02:33:18    Beginning of SVM Test, subject 2
INFO:__main__:25-03-24 02:33:40    subject: 2,   trial: 1,    real class: left_hand,   predicted class: left_hand,  val: True,  trainingAcc: 1.0,   actualAcc: 1.0
INFO:__main__:25-03-24 02:34:02    subject: 2,   trial: 2,    real class: right_hand,   predicted class: left_hand,  val: False,  trainingAcc: 1.0,   actualAcc: 0.5
INFO:__main__:25-03-24 02:34:24    subject: 2,   trial: 3,    real class: right_hand,   predicted class: right_hand,  val: True,  trainingAcc: 1.0,   actualAcc: 0.6666666666666666
INFO:__main__:25-03-24 02:34:46    subject: 2,   trial: 4,    real class: left_hand,   predicted class: right_hand,  val: False,  trainingAcc: 1.0,   actualAcc: 0.5
INFO:__main__:25-03-24 02:35:08    subject: 2,   trial: 5,    real class: right_hand,   predicted class: left_hand,  val: False,  trainingAcc: 1.0,   actualAcc: 0.4
INFO:__main__:25-03-24 02:35:30    subject: 2,   trial: 6,    real class: left_hand,   predicted class: right_hand,  val: False,  trainingAcc: 1.0,   actualAcc: 0.3333333333333333
INFO:__main__:25-03-24 02:35:53    subject: 2,   trial: 7,    real class: right_hand,   predicted class: right_hand,  val: True,  trainingAcc: 1.0,   actualAcc: 0.42857142857142855
INFO:__main__:25-03-24 02:36:15    subject: 2,   trial: 8,    real class: feet,   predicted class: right_hand,  val: False,  trainingAcc: 1.0,   actualAcc: 0.375
INFO:__main__:25-03-24 02:36:38    subject: 2,   trial: 9,    real class: right_hand,   predicted class: right_hand,  val: True,  trainingAcc: 1.0,   actualAcc: 0.4444444444444444
INFO:__main__:25-03-24 02:37:01    subject: 2,   trial: 10,    real class: tongue,   predicted class: right_hand,  val: False,  trainingAcc: 1.0,   actualAcc: 0.4
INFO:__main__:25-03-24 02:37:24    subject: 2,   trial: 11,    real class: left_hand,   predicted class: right_hand,  val: False,  trainingAcc: 1.0,   actualAcc: 0.36363636363636365
INFO:__main__:25-03-24 02:37:47    subject: 2,   trial: 12,    real class: feet,   predicted class: feet,  val: True,  trainingAcc: 1.0,   actualAcc: 0.4166666666666667
INFO:__main__:25-03-24 02:38:10    subject: 2,   trial: 13,    real class: right_hand,   predicted class: feet,  val: False,  trainingAcc: 1.0,   actualAcc: 0.38461538461538464
INFO:__main__:25-03-24 02:38:33    subject: 2,   trial: 14,    real class: left_hand,   predicted class: right_hand,  val: False,  trainingAcc: 1.0,   actualAcc: 0.35714285714285715
INFO:__main__:25-03-24 02:38:56    subject: 2,   trial: 15,    real class: tongue,   predicted class: right_hand,  val: False,  trainingAcc: 1.0,   actualAcc: 0.3333333333333333
INFO:__main__:25-03-24 02:39:20    subject: 2,   trial: 16,    real class: tongue,   predicted class: right_hand,  val: False,  trainingAcc: 1.0,   actualAcc: 0.3125
INFO:__main__:25-03-24 02:39:43    subject: 2,   trial: 17,    real class: tongue,   predicted class: tongue,  val: True,  trainingAcc: 1.0,   actualAcc: 0.35294117647058826
INFO:__main__:25-03-24 02:40:07    subject: 2,   trial: 18,    real class: tongue,   predicted class: right_hand,  val: False,  trainingAcc: 1.0,   actualAcc: 0.3333333333333333
INFO:__main__:25-03-24 02:40:31    subject: 2,   trial: 19,    real class: tongue,   predicted class: tongue,  val: True,  trainingAcc: 1.0,   actualAcc: 0.3684210526315789
INFO:__main__:25-03-24 02:40:55    subject: 2,   trial: 20,    real class: left_hand,   predicted class: right_hand,  val: False,  trainingAcc: 1.0,   actualAcc: 0.35
INFO:__main__:25-03-24 02:41:19    subject: 2,   trial: 21,    real class: feet,   predicted class: feet,  val: True,  trainingAcc: 1.0,   actualAcc: 0.38095238095238093
INFO:__main__:25-03-24 02:41:43    subject: 2,   trial: 22,    real class: right_hand,   predicted class: right_hand,  val: True,  trainingAcc: 1.0,   actualAcc: 0.4090909090909091
INFO:__main__:25-03-24 02:42:07    subject: 2,   trial: 23,    real class: left_hand,   predicted class: right_hand,  val: False,  trainingAcc: 1.0,   actualAcc: 0.391304347826087
INFO:__main__:25-03-24 02:42:31    subject: 2,   trial: 24,    real class: left_hand,   predicted class: right_hand,  val: False,  trainingAcc: 1.0,   actualAcc: 0.375
INFO:__main__:25-03-24 02:42:56    subject: 2,   trial: 25,    real class: feet,   predicted class: feet,  val: True,  trainingAcc: 1.0,   actualAcc: 0.4
INFO:__main__:25-03-24 02:43:20    subject: 2,   trial: 26,    real class: tongue,   predicted class: feet,  val: False,  trainingAcc: 1.0,   actualAcc: 0.38461538461538464
INFO:__main__:25-03-24 02:43:45    subject: 2,   trial: 27,    real class: left_hand,   predicted class: left_hand,  val: True,  trainingAcc: 1.0,   actualAcc: 0.4074074074074074
INFO:__main__:25-03-24 02:44:09    subject: 2,   trial: 28,    real class: feet,   predicted class: left_hand,  val: False,  trainingAcc: 1.0,   actualAcc: 0.39285714285714285
INFO:__main__:25-03-24 02:44:34    subject: 2,   trial: 29,    real class: feet,   predicted class: feet,  val: True,  trainingAcc: 1.0,   actualAcc: 0.41379310344827586
INFO:__main__:25-03-24 02:44:59    subject: 2,   trial: 30,    real class: feet,   predicted class: feet,  val: True,  trainingAcc: 1.0,   actualAcc: 0.43333333333333335
INFO:__main__:25-03-24 02:45:24    subject: 2,   trial: 31,    real class: left_hand,   predicted class: left_hand,  val: True,  trainingAcc: 1.0,   actualAcc: 0.45161290322580644
INFO:__main__:25-03-24 02:45:50    subject: 2,   trial: 32,    real class: right_hand,   predicted class: left_hand,  val: False,  trainingAcc: 1.0,   actualAcc: 0.4375
INFO:__main__:25-03-24 02:46:15    subject: 2,   trial: 33,    real class: left_hand,   predicted class: left_hand,  val: True,  trainingAcc: 1.0,   actualAcc: 0.45454545454545453
INFO:__main__:25-03-24 02:46:40    subject: 2,   trial: 34,    real class: right_hand,   predicted class: left_hand,  val: False,  trainingAcc: 1.0,   actualAcc: 0.4411764705882353
INFO:__main__:25-03-24 02:47:06    subject: 2,   trial: 35,    real class: right_hand,   predicted class: left_hand,  val: False,  trainingAcc: 1.0,   actualAcc: 0.42857142857142855
INFO:__main__:25-03-24 02:47:31    subject: 2,   trial: 36,    real class: left_hand,   predicted class: left_hand,  val: True,  trainingAcc: 1.0,   actualAcc: 0.4444444444444444
INFO:__main__:25-03-24 02:47:57    subject: 2,   trial: 37,    real class: right_hand,   predicted class: left_hand,  val: False,  trainingAcc: 1.0,   actualAcc: 0.43243243243243246
INFO:__main__:25-03-24 02:48:23    subject: 2,   trial: 38,    real class: feet,   predicted class: feet,  val: True,  trainingAcc: 1.0,   actualAcc: 0.4473684210526316
INFO:__main__:25-03-24 02:48:49    subject: 2,   trial: 39,    real class: right_hand,   predicted class: left_hand,  val: False,  trainingAcc: 1.0,   actualAcc: 0.4358974358974359
INFO:__main__:25-03-24 02:49:15    subject: 2,   trial: 40,    real class: feet,   predicted class: feet,  val: True,  trainingAcc: 1.0,   actualAcc: 0.45
INFO:__main__:25-03-24 02:49:41    subject: 2,   trial: 41,    real class: feet,   predicted class: feet,  val: True,  trainingAcc: 1.0,   actualAcc: 0.4634146341463415
INFO:__main__:25-03-24 02:50:08    subject: 2,   trial: 42,    real class: tongue,   predicted class: right_hand,  val: False,  trainingAcc: 1.0,   actualAcc: 0.4523809523809524
INFO:__main__:25-03-24 02:50:34    subject: 2,   trial: 43,    real class: feet,   predicted class: feet,  val: True,  trainingAcc: 1.0,   actualAcc: 0.46511627906976744
INFO:__main__:25-03-24 02:51:01    subject: 2,   trial: 44,    real class: feet,   predicted class: feet,  val: True,  trainingAcc: 1.0,   actualAcc: 0.4772727272727273
INFO:__main__:25-03-24 02:51:27    subject: 2,   trial: 45,    real class: tongue,   predicted class: left_hand,  val: False,  trainingAcc: 1.0,   actualAcc: 0.4666666666666667
INFO:__main__:25-03-24 02:51:54    subject: 2,   trial: 46,    real class: tongue,   predicted class: left_hand,  val: False,  trainingAcc: 1.0,   actualAcc: 0.45652173913043476
INFO:__main__:25-03-24 02:52:21    subject: 2,   trial: 47,    real class: tongue,   predicted class: feet,  val: False,  trainingAcc: 1.0,   actualAcc: 0.44680851063829785
INFO:__main__:25-03-24 02:52:48    subject: 2,   trial: 48,    real class: tongue,   predicted class: left_hand,  val: False,  trainingAcc: 1.0,   actualAcc: 0.4375
INFO:__main__:25-03-24 02:53:15    subject: 2,   trial: 49,    real class: tongue,   predicted class: left_hand,  val: False,  trainingAcc: 1.0,   actualAcc: 0.42857142857142855
INFO:__main__:25-03-24 02:53:42    subject: 2,   trial: 50,    real class: feet,   predicted class: tongue,  val: False,  trainingAcc: 1.0,   actualAcc: 0.42
INFO:__main__:25-03-24 02:54:10    subject: 2,   trial: 51,    real class: right_hand,   predicted class: feet,  val: False,  trainingAcc: 1.0,   actualAcc: 0.4117647058823529
INFO:__main__:25-03-24 02:54:37    subject: 2,   trial: 52,    real class: left_hand,   predicted class: right_hand,  val: False,  trainingAcc: 1.0,   actualAcc: 0.40384615384615385
INFO:__main__:25-03-24 02:55:05    subject: 2,   trial: 53,    real class: left_hand,   predicted class: left_hand,  val: True,  trainingAcc: 1.0,   actualAcc: 0.41509433962264153
INFO:__main__:25-03-24 02:55:32    subject: 2,   trial: 54,    real class: right_hand,   predicted class: left_hand,  val: False,  trainingAcc: 1.0,   actualAcc: 0.4074074074074074
INFO:__main__:25-03-24 02:56:00    subject: 2,   trial: 55,    real class: feet,   predicted class: right_hand,  val: False,  trainingAcc: 1.0,   actualAcc: 0.4
INFO:__main__:25-03-24 02:56:29    subject: 2,   trial: 56,    real class: tongue,   predicted class: left_hand,  val: False,  trainingAcc: 1.0,   actualAcc: 0.39285714285714285
INFO:__main__:25-03-24 02:56:59    subject: 2,   trial: 57,    real class: right_hand,   predicted class: right_hand,  val: True,  trainingAcc: 1.0,   actualAcc: 0.40350877192982454
INFO:__main__:25-03-24 02:57:28    subject: 2,   trial: 58,    real class: feet,   predicted class: feet,  val: True,  trainingAcc: 1.0,   actualAcc: 0.41379310344827586
INFO:__main__:25-03-24 02:57:58    subject: 2,   trial: 59,    real class: left_hand,   predicted class: right_hand,  val: False,  trainingAcc: 1.0,   actualAcc: 0.4067796610169492
INFO:__main__:25-03-24 02:58:28    subject: 2,   trial: 60,    real class: left_hand,   predicted class: left_hand,  val: True,  trainingAcc: 1.0,   actualAcc: 0.4166666666666667
INFO:__main__:25-03-24 02:58:58    subject: 2,   trial: 61,    real class: left_hand,   predicted class: left_hand,  val: True,  trainingAcc: 1.0,   actualAcc: 0.4262295081967213
INFO:__main__:25-03-24 02:59:28    subject: 2,   trial: 62,    real class: tongue,   predicted class: left_hand,  val: False,  trainingAcc: 1.0,   actualAcc: 0.41935483870967744
INFO:__main__:25-03-24 02:59:58    subject: 2,   trial: 63,    real class: right_hand,   predicted class: left_hand,  val: False,  trainingAcc: 1.0,   actualAcc: 0.4126984126984127
INFO:__main__:25-03-24 03:00:28    subject: 2,   trial: 64,    real class: right_hand,   predicted class: left_hand,  val: False,  trainingAcc: 1.0,   actualAcc: 0.40625
INFO:__main__:25-03-24 03:00:59    subject: 2,   trial: 65,    real class: left_hand,   predicted class: left_hand,  val: True,  trainingAcc: 1.0,   actualAcc: 0.4153846153846154
INFO:__main__:25-03-24 03:01:29    subject: 2,   trial: 66,    real class: left_hand,   predicted class: left_hand,  val: True,  trainingAcc: 1.0,   actualAcc: 0.42424242424242425
INFO:__main__:25-03-24 03:02:00    subject: 2,   trial: 67,    real class: feet,   predicted class: feet,  val: True,  trainingAcc: 1.0,   actualAcc: 0.43283582089552236
INFO:__main__:25-03-24 03:02:31    subject: 2,   trial: 68,    real class: left_hand,   predicted class: left_hand,  val: True,  trainingAcc: 1.0,   actualAcc: 0.4411764705882353
INFO:__main__:25-03-24 03:03:02    subject: 2,   trial: 69,    real class: right_hand,   predicted class: feet,  val: False,  trainingAcc: 1.0,   actualAcc: 0.43478260869565216
INFO:__main__:25-03-24 03:03:33    subject: 2,   trial: 70,    real class: tongue,   predicted class: left_hand,  val: False,  trainingAcc: 1.0,   actualAcc: 0.42857142857142855
INFO:__main__:25-03-24 03:04:04    subject: 2,   trial: 71,    real class: tongue,   predicted class: left_hand,  val: False,  trainingAcc: 1.0,   actualAcc: 0.4225352112676056
INFO:__main__:25-03-24 03:04:35    subject: 2,   trial: 72,    real class: feet,   predicted class: feet,  val: True,  trainingAcc: 1.0,   actualAcc: 0.4305555555555556
INFO:__main__:25-03-24 03:05:07    subject: 2,   trial: 73,    real class: left_hand,   predicted class: left_hand,  val: True,  trainingAcc: 1.0,   actualAcc: 0.4383561643835616
INFO:__main__:25-03-24 03:05:40    subject: 2,   trial: 74,    real class: tongue,   predicted class: left_hand,  val: False,  trainingAcc: 1.0,   actualAcc: 0.43243243243243246
INFO:__main__:25-03-24 03:06:13    subject: 2,   trial: 75,    real class: tongue,   predicted class: left_hand,  val: False,  trainingAcc: 1.0,   actualAcc: 0.4266666666666667
INFO:__main__:25-03-24 03:06:46    subject: 2,   trial: 76,    real class: right_hand,   predicted class: left_hand,  val: False,  trainingAcc: 1.0,   actualAcc: 0.42105263157894735
INFO:__main__:25-03-24 03:07:19    subject: 2,   trial: 77,    real class: tongue,   predicted class: tongue,  val: True,  trainingAcc: 1.0,   actualAcc: 0.42857142857142855
INFO:__main__:25-03-24 03:07:53    subject: 2,   trial: 78,    real class: tongue,   predicted class: tongue,  val: True,  trainingAcc: 1.0,   actualAcc: 0.4358974358974359
INFO:__main__:25-03-24 03:08:26    subject: 2,   trial: 79,    real class: right_hand,   predicted class: left_hand,  val: False,  trainingAcc: 1.0,   actualAcc: 0.43037974683544306
INFO:__main__:25-03-24 03:09:00    subject: 2,   trial: 80,    real class: left_hand,   predicted class: left_hand,  val: True,  trainingAcc: 1.0,   actualAcc: 0.4375
INFO:__main__:25-03-24 03:09:34    subject: 2,   trial: 81,    real class: right_hand,   predicted class: left_hand,  val: False,  trainingAcc: 1.0,   actualAcc: 0.43209876543209874
INFO:__main__:25-03-24 03:10:08    subject: 2,   trial: 82,    real class: feet,   predicted class: feet,  val: True,  trainingAcc: 1.0,   actualAcc: 0.43902439024390244
INFO:__main__:25-03-24 03:10:42    subject: 2,   trial: 83,    real class: feet,   predicted class: feet,  val: True,  trainingAcc: 1.0,   actualAcc: 0.4457831325301205
INFO:__main__:25-03-24 03:11:17    subject: 2,   trial: 84,    real class: feet,   predicted class: feet,  val: True,  trainingAcc: 1.0,   actualAcc: 0.4523809523809524
INFO:__main__:25-03-24 03:11:51    subject: 2,   trial: 85,    real class: tongue,   predicted class: left_hand,  val: False,  trainingAcc: 1.0,   actualAcc: 0.4470588235294118
INFO:__main__:25-03-24 03:12:26    subject: 2,   trial: 86,    real class: feet,   predicted class: feet,  val: True,  trainingAcc: 1.0,   actualAcc: 0.45348837209302323
INFO:__main__:25-03-24 03:13:00    subject: 2,   trial: 87,    real class: left_hand,   predicted class: left_hand,  val: True,  trainingAcc: 1.0,   actualAcc: 0.45977011494252873
INFO:__main__:25-03-24 03:13:35    subject: 2,   trial: 88,    real class: tongue,   predicted class: tongue,  val: True,  trainingAcc: 1.0,   actualAcc: 0.4659090909090909
INFO:__main__:25-03-24 03:14:10    subject: 2,   trial: 89,    real class: right_hand,   predicted class: left_hand,  val: False,  trainingAcc: 1.0,   actualAcc: 0.4606741573033708
INFO:__main__:25-03-24 06:14:44    subject: 2,   trial: 90,    real class: feet,   predicted class: feet,  val: True,  trainingAcc: 1.0,   actualAcc: 0.4666666666666667
INFO:__main__:25-03-24 09:22:55    subject: 2,   trial: 91,    real class: right_hand,   predicted class: left_hand,  val: False,  trainingAcc: 1.0,   actualAcc: 0.46153846153846156
